Log file open, 09/29/17 10:48:17
LogInit:Display: Running engine for game: TopDownGame
LogPlatformFile: Not using cached read wrapper
LogInit:Display: RandInit(-1946793562) SRandInit(-1946793562).
LogTaskGraph: Started task graph with 5 named threads and 8 total threads with 1 sets of task threads.
LogStats: Stats thread started at 0.086140
LogInit: Using libcurl 7.47.1
LogInit:  - built for x86_64-pc-win32
LogInit:  - supports SSL with OpenSSL/1.0.2g
LogInit:  - supports HTTP deflate (compression) using libz 1.2.8
LogInit:  - other features:
LogInit:      CURL_VERSION_SSL
LogInit:      CURL_VERSION_LIBZ
LogInit:      CURL_VERSION_IPV6
LogInit:      CURL_VERSION_ASYNCHDNS
LogInit:      CURL_VERSION_LARGEFILE
LogInit:      CURL_VERSION_IDN
LogInit:  CurlRequestOptions (configurable via config and command line):
LogInit:  - bVerifyPeer = false  - Libcurl will NOT verify peer certificate
LogInit:  - bUseHttpProxy = false  - Libcurl will NOT use HTTP proxy
LogInit:  - bDontReuseConnections = false  - Libcurl will reuse connections
LogInit:  - CertBundlePath = nullptr  - Libcurl will use whatever was configured at build time.
LogInit: Build: ++UE4+Release-4.16-CL-3561208
LogInit: Engine Version: 4.16.3-3561208+++UE4+Release-4.16
LogInit: Compatible Engine Version: 4.16.0-3452394+++UE4+Release-4.16
LogInit: Net CL: 3452394
LogDevObjectVersion: Number of dev versions registered: 16
LogDevObjectVersion:   Dev-Blueprints (B0D832E4-1F89-4F0D-ACCF-7EB736FD4AA2): 9
LogDevObjectVersion:   Dev-Build (E1C64328-A22C-4D53-A36C-8E866417BD8C): 0
LogDevObjectVersion:   Dev-Core (375EC13C-06E4-48FB-B500-84F0262A717E): 2
LogDevObjectVersion:   Dev-Editor (E4B068ED-F494-42E9-A231-DA0B2E46BB41): 17
LogDevObjectVersion:   Dev-Framework (CFFC743F-43B0-4480-9391-14DF171D2073): 23
LogDevObjectVersion:   Dev-Mobile (B02B49B5-BB20-44E9-A304-32B752E40360): 0
LogDevObjectVersion:   Dev-Networking (A4E4105C-59A1-49B5-A7C5-40C4547EDFEE): 0
LogDevObjectVersion:   Dev-Online (39C831C9-5AE6-47DC-9A44-9C173E1C8E7C): 0
LogDevObjectVersion:   Dev-Physics (78F01B33-EBEA-4F98-B9B4-84EACCB95AA2): 0
LogDevObjectVersion:   Dev-Platform (6631380F-2D4D-43E0-8009-CF276956A95A): 0
LogDevObjectVersion:   Dev-Rendering (12F88B9F-8875-4AFC-A67C-D90C383ABD29): 15
LogDevObjectVersion:   Dev-Sequencer (7B5AE74C-D270-4C10-A958-57980B212A5A): 4
LogDevObjectVersion:   Dev-VR (D7296918-1DD6-4BDD-9DE2-64A83CC13884): 0
LogDevObjectVersion:   Dev-LoadTimes (C2A15278-BFE7-4AFE-6C17-90FF531DF755): 1
LogDevObjectVersion:   Private-Geometry (6EACA3D4-40EC-4CC1-B786-8BED09428FC5): 1
LogDevObjectVersion:   Dev-AnimPhys (29E575DD-E0A3-4627-9D10-D276232CDCEA): 3
LogInit: Compiled (64-bit): Jul 28 2017 11:49:47
LogInit: Compiled with Visual C++: 19.00.24215.01
LogInit: Build Configuration: Development
LogInit: Branch Name: ++UE4+Release-4.16
LogInit: Command line:  
LogInit: Base directory: C:/Program Files/Epic Games/UE_4.16/Engine/Binaries/Win64/
LogInit: Installed Engine Build: 1
LogInit: Presizing for max 8388607 objects, including 0 objects not considered by GC, pre-allocating 0 bytes for permanent pool.
LogInit: Object subsystem initialized
[2017.09.29-09.48.18:609][  0]LogInit: Selected Device Profile: [Windows]
[2017.09.29-09.48.18:609][  0]LogInit: Applying CVar settings loaded from the selected device profile: [Windows]
[2017.09.29-09.48.18:658][  0]LogInit: Computer: C217-07
[2017.09.29-09.48.18:658][  0]LogInit: User: emmacox
[2017.09.29-09.48.18:658][  0]LogInit: CPU Page size=4096, Cores=4
[2017.09.29-09.48.18:658][  0]LogInit: High frequency timer resolution =3.328124 MHz
[2017.09.29-09.48.18:658][  0]LogMemory: Memory total: Physical=15.9GB (16GB approx)
[2017.09.29-09.48.18:658][  0]LogMemory: Platform Memory Stats for Windows
[2017.09.29-09.48.18:658][  0]LogMemory: Process Physical Memory: 273.26 MB used, 273.26 MB peak
[2017.09.29-09.48.18:658][  0]LogMemory: Process Virtual Memory: 259.33 MB used, 259.33 MB peak
[2017.09.29-09.48.18:658][  0]LogMemory: Physical Memory: 5193.03 MB used,  11111.51 MB free, 16304.54 MB total
[2017.09.29-09.48.18:658][  0]LogMemory: Virtual Memory: 638.31 MB used,  11111.51 MB free, 134217728.00 MB total
[2017.09.29-09.48.18:832][  0]LogInit: Using OS detected language (en-US).
[2017.09.29-09.48.18:832][  0]LogInit: Using OS detected locale (en-GB).
[2017.09.29-09.48.18:880][  0]LogTextLocalizationManager: No specific localization for 'en-US' exists, so the 'en' localization will be used.
[2017.09.29-09.48.21:562][  0]LogD3D11RHI: D3D11 adapters:
[2017.09.29-09.48.21:581][  0]LogD3D11RHI:    0. 'NVIDIA Quadro K2200' (Feature Level 11_0)
[2017.09.29-09.48.21:581][  0]LogD3D11RHI:       4062/0/8152 MB DedicatedVideo/DedicatedSystem/SharedSystem, Outputs:1, VendorId:0x10de
[2017.09.29-09.48.21:582][  0]LogD3D11RHI:    1. 'Microsoft Basic Render Driver' (Feature Level 11_0)
[2017.09.29-09.48.21:582][  0]LogD3D11RHI:       0/0/8152 MB DedicatedVideo/DedicatedSystem/SharedSystem, Outputs:0, VendorId:0x1414
[2017.09.29-09.48.21:582][  0]LogD3D11RHI: Chosen D3D11 Adapter: 0
[2017.09.29-09.48.21:588][  0]LogD3D11RHI: Creating new Direct3DDevice
[2017.09.29-09.48.21:588][  0]LogD3D11RHI:     GPU DeviceId: 0x13ba (for the marketing name, search the web for "GPU Device Id")
[2017.09.29-09.48.21:588][  0]LogWindows: EnumDisplayDevices:
[2017.09.29-09.48.21:588][  0]LogWindows:    0. 'NVIDIA Quadro K2200' (P:1 D:1)
[2017.09.29-09.48.21:588][  0]LogWindows:    1. 'NVIDIA Quadro K2200' (P:0 D:0)
[2017.09.29-09.48.21:588][  0]LogWindows:    2. 'NVIDIA Quadro K2200' (P:0 D:0)
[2017.09.29-09.48.21:588][  0]LogWindows:    3. 'NVIDIA Quadro K2200' (P:0 D:0)
[2017.09.29-09.48.21:588][  0]LogWindows: DebugString: FoundDriverCount:4 
[2017.09.29-09.48.21:588][  0]LogD3D11RHI:     Adapter Name: NVIDIA Quadro K2200
[2017.09.29-09.48.21:588][  0]LogD3D11RHI:   Driver Version: 377.11 (internal:21.21.13.7711, unified:377.11)
[2017.09.29-09.48.21:588][  0]LogD3D11RHI:      Driver Date: 3-17-2017
[2017.09.29-09.48.21:588][  0]LogRHI: Texture pool is 1361 MB (70% of 1945 MB)
[2017.09.29-09.48.21:602][  0]LogD3D11RHI: Async texture creation enabled
[2017.09.29-09.48.21:613][  0]LogD3D11RHI: GPU Timing Frequency: 1000.000000 (Debug: 2 1)
[2017.09.29-09.48.21:655][  0]LogShaderCompilers: Guid format shader working directory is 34 characters bigger than the processId version (E:/TopDownGame/Intermediate/Shaders/WorkingDirectory/21684/).
[2017.09.29-09.48.21:655][  0]LogShaderCompilers: Cleaned the shader compiler working directory 'C:/Users/emma.cox/AppData/Local/Temp/UnrealShaderWorkingDir/72071CFA424D39B773C196B0E4B2C9BD/'.
[2017.09.29-09.48.21:655][  0]LogShaderCompilers:Display: Using Local Shader Compiler.
[2017.09.29-09.48.23:230][  0]LogTemp:Display: Loaded TP AllDesktopTargetPlatform
[2017.09.29-09.48.23:273][  0]LogTemp:Display: Loaded TP MacClientTargetPlatform
[2017.09.29-09.48.23:319][  0]LogTemp:Display: Loaded TP MacNoEditorTargetPlatform
[2017.09.29-09.48.23:364][  0]LogTemp:Display: Loaded TP MacServerTargetPlatform
[2017.09.29-09.48.23:413][  0]LogTemp:Display: Loaded TP MacTargetPlatform
[2017.09.29-09.48.23:455][  0]LogTemp:Display: Loaded TP WindowsClientTargetPlatform
[2017.09.29-09.48.23:495][  0]LogTemp:Display: Loaded TP WindowsNoEditorTargetPlatform
[2017.09.29-09.48.23:537][  0]LogTemp:Display: Loaded TP WindowsServerTargetPlatform
[2017.09.29-09.48.23:575][  0]LogTemp:Display: Loaded TP WindowsTargetPlatform
[2017.09.29-09.48.23:622][  0]LogTemp:Display: Loaded TP AndroidTargetPlatform
[2017.09.29-09.48.23:661][  0]LogTemp:Display: Loaded TP Android_ASTCTargetPlatform
[2017.09.29-09.48.23:702][  0]LogTemp:Display: Loaded TP Android_ATCTargetPlatform
[2017.09.29-09.48.23:744][  0]LogTemp:Display: Loaded TP Android_DXTTargetPlatform
[2017.09.29-09.48.23:783][  0]LogTemp:Display: Loaded TP Android_ETC1TargetPlatform
[2017.09.29-09.48.23:821][  0]LogTemp:Display: Loaded TP Android_ETC2TargetPlatform
[2017.09.29-09.48.23:903][  0]LogTemp:Display: Loaded TP Android_MultiTargetPlatform
[2017.09.29-09.48.23:903][  0]LogTemp:Display: Loaded TP Android_PVRTCTargetPlatform
[2017.09.29-09.48.23:934][  0]LogTemp:Display: Loaded TP HTML5TargetPlatform
[2017.09.29-09.48.24:018][  0]LogTemp:Display: Loaded TP IOSTargetPlatform
[2017.09.29-09.48.24:041][  0]LogTemp:Display: Loaded TP TVOSTargetPlatform
[2017.09.29-09.48.24:084][  0]LogTemp:Display: Loaded TP LinuxClientTargetPlatform
[2017.09.29-09.48.24:121][  0]LogTemp:Display: Loaded TP LinuxNoEditorTargetPlatform
[2017.09.29-09.48.24:166][  0]LogTemp:Display: Loaded TP LinuxServerTargetPlatform
[2017.09.29-09.48.24:216][  0]LogTemp:Display: Loaded TP LinuxTargetPlatform
[2017.09.29-09.48.24:216][  0]LogTargetPlatformManager:Display: Building Assets For Windows
[2017.09.29-09.48.24:691][  0]LogDerivedDataCache:Display: Max Cache Size: 512 MB
[2017.09.29-09.48.24:768][  0]LogDerivedDataCache: Loaded boot cache 0.08s 90MB C:/Users/emma.cox/AppData/Local/UnrealEngine/4.16/DerivedDataCache/Boot.ddc.
[2017.09.29-09.48.24:768][  0]LogDerivedDataCache:Display: Loaded Boot cache: C:/Users/emma.cox/AppData/Local/UnrealEngine/4.16/DerivedDataCache/Boot.ddc
[2017.09.29-09.48.24:768][  0]LogDerivedDataCache: FDerivedDataBackendGraph:  Pak pak cache file E:/TopDownGame/DerivedDataCache/DDC.ddp not found, will not use a pak cache.
[2017.09.29-09.48.24:768][  0]LogDerivedDataCache: Unable to find inner node Pak for hierarchical cache Hierarchy.
[2017.09.29-09.48.24:768][  0]LogDerivedDataCache: FDerivedDataBackendGraph:  CompressedPak pak cache file E:/TopDownGame/DerivedDataCache/Compressed.ddp not found, will not use a pak cache.
[2017.09.29-09.48.24:768][  0]LogDerivedDataCache: Unable to find inner node CompressedPak for hierarchical cache Hierarchy.
[2017.09.29-09.48.24:787][  0]LogDerivedDataCache:Display: Pak cache opened for reading ../../../Engine/DerivedDataCache/Compressed.ddp.
[2017.09.29-09.48.24:799][  0]LogDerivedDataCache: Using Local data cache path C:/Users/emma.cox/AppData/Local/UnrealEngine/Common/DerivedDataCache: Writable
[2017.09.29-09.48.24:807][  0]LogMaterial: Verifying Global Shaders for PCD3D_SM5
[2017.09.29-09.48.24:807][  0]LogSlate: Using Freetype 2.6.0
[2017.09.29-09.48.24:817][  0]LogSlate: SlateFontCache - WITH_FREETYPE: 1, WITH_HARFBUZZ: 1
[2017.09.29-09.48.24:817][  0]LogSlate: SlateFontCache - WITH_FREETYPE: 1, WITH_HARFBUZZ: 1
[2017.09.29-09.48.25:221][  0]LogInit: Selected Device Profile: [Windows]
[2017.09.29-09.48.25:320][  0]LogContentStreaming: Texture pool size is 0.00 MB
[2017.09.29-09.48.25:485][  0]LogMeshUtilities: Using QuadricMeshReduction for automatic static mesh reduction
[2017.09.29-09.48.25:518][  0]LogSimplygon: Simplygon DLL not present - disabling.
[2017.09.29-09.48.25:558][  0]LogMeshUtilities: Using SimplygonSwarm for distributed automatic mesh merging
[2017.09.29-09.48.25:558][  0]LogMeshUtilities: No automatic skeletal mesh reduction module available
[2017.09.29-09.48.25:558][  0]LogMeshUtilities: No automatic mesh merging module available
[2017.09.29-09.48.26:496][  0]LogNetVersion: TopDownGame , NetCL: 3452394, EngineNetVer: 2, GameNetVer: 0 (Checksum: 4257674358)
[2017.09.29-09.48.26:567][  0]LogAssetRegistry: FAssetRegistry took 0.0257 seconds to start up
[2017.09.29-09.48.26:928][  0]LogPackageLocalizationCache: Processed 4 localized package path(s) for 2 prioritized culture(s) in 0.335241 seconds
[2017.09.29-09.48.26:932][  0]LogUObjectArray: 34194 objects as part of root set at end of initial load.
[2017.09.29-09.48.26:932][  0]LogUObjectAllocator: 7260424 out of 0 bytes used by permanent object pool.
[2017.09.29-09.48.26:932][  0]LogUObjectArray: CloseDisregardForGC: 0/0 objects in disregard for GC pool
[2017.09.29-09.48.26:990][  0]LogInit: WinSock: version 1.1 (2.2), MaxSocks=32767, MaxUdp=65467
[2017.09.29-09.48.30:329][  0]LogTcpMessaging: Initializing TcpMessaging bridge
[2017.09.29-09.48.30:365][  0]LogUdpMessaging: Initializing bridge on interface 0.0.0.0:0 to multicast group 230.0.0.1:6666.
[2017.09.29-09.48.30:919][  0]LogMaterial: Uniform references updated for custom material expression Custom.
[2017.09.29-09.48.31:331][  0]SourceControl: Info Source control is disabled
[2017.09.29-09.48.31:338][  0]SourceControl: Info Source control is disabled
[2017.09.29-09.48.31:383][  0]SourceControl: Info Source control is disabled
[2017.09.29-09.48.31:426][  0]SourceControl: Info Source control is disabled
[2017.09.29-09.48.31:992][  0]LogAndroidPermission: UAndroidPermissionCallbackProxy::GetInstance
[2017.09.29-09.48.32:486][  0]LogEngine: Initializing Engine...
[2017.09.29-09.48.32:487][  0]LogHMD: Failed to initialize OpenVR with code 110
[2017.09.29-09.48.32:744][  0]LogStats: UGameplayTagsManager::ConstructGameplayTagTree: Construct from data asset -  0.000 s
[2017.09.29-09.48.32:744][  0]LogStats: UGameplayTagsManager::ConstructGameplayTagTree: GameplayTagTreeChangedEvent.Broadcast -  0.000 s
[2017.09.29-09.48.32:848][  0]LogAIModule: Creating AISystem for world Untitled
[2017.09.29-09.48.32:853][  0]LogInit: XAudio2 using 'Speakers (Realtek High Definition Audio)' : 2 channels at 48 kHz using 32 bits per sample (channel mask 0x3)
[2017.09.29-09.48.32:872][  0]LogInit: FAudioDevice initialized.
[2017.09.29-09.48.32:907][  0]LogDerivedDataCache: Saved boot cache 0.03s 90MB C:/Users/emma.cox/AppData/Local/UnrealEngine/4.16/DerivedDataCache/Boot.ddc.
[2017.09.29-09.48.32:914][  0]LogInit: Texture streaming: Enabled
[2017.09.29-09.48.32:990][  0]LogEngineSessionManager: EngineSessionManager initialized
[2017.09.29-09.48.33:022][  0]LogEngineSessionManager: EngineSessionManager sent abnormal shutdown report. Type=AbnormalShutdown, SessionId={3661A5B8-4850-EFE1-CBED-328EAF6505D5}
[2017.09.29-09.48.33:197][  0]LogInit: Transaction tracking system initialized
[2017.09.29-09.48.33:438][  0]BlueprintLog: New page: Editor Load
[2017.09.29-09.48.34:218][  0]LocalizationService: Info Localization service is disabled
[2017.09.29-09.48.34:799][  0]LogConsoleResponse:Display: 
[2017.09.29-09.48.35:103][  0]LogCook:Display: Max memory allowance for cook 16384mb min free memory 0mb
[2017.09.29-09.48.35:103][  0]LogCook:Display: Mobile HDR setting 1
[2017.09.29-09.48.35:767][  0]LogFileCache: Scanning file cache for directory 'E:/TopDownGame/Content/' took 0.02s
[2017.09.29-09.48.36:089][  0]SourceControl: Info Source control is disabled
[2017.09.29-09.48.36:090][  0]Cmd: MAP LOAD FILE="E:/TopDownGame/Content/TopDownBP/Maps/TopDownExampleMap.umap" TEMPLATE=0 SHOWPROGRESS=1 FEATURELEVEL=3
[2017.09.29-09.48.36:090][  0]LightingResults: New page: Lighting Build
[2017.09.29-09.48.36:124][  0]MapCheck: New page: Map Check
[2017.09.29-09.48.36:124][  0]LightingResults: New page: Lighting Build
[2017.09.29-09.48.37:798][  0]LogAIModule: Creating AISystem for world TopDownExampleMap
[2017.09.29-09.48.38:413][  0]LogEditorServer: Finished looking for orphan Actors (0.000 secs)
[2017.09.29-09.48.38:442][  0]Cmd: MAP CHECKDEP NOCLEARLOG
[2017.09.29-09.48.38:482][  0]MapCheck: Info Map check complete: 0 Error(s), 0 Warning(s), took 39.833ms to complete.
[2017.09.29-09.48.38:482][  0]LogFileHelpers: Loading map 'TopDownExampleMap' took 2.393
[2017.09.29-09.48.38:633][  0]LogCollectionManager: Loaded 0 collections in 0.002424 seconds
[2017.09.29-09.48.38:699][  0]LogFileCache: Scanning file cache for directory 'E:/TopDownGame/Saved/Collections/' took 0.01s
[2017.09.29-09.48.38:699][  0]LogFileCache: Scanning file cache for directory 'E:/TopDownGame/Content/Developers/emmacox/Collections/' took 0.01s
[2017.09.29-09.48.38:699][  0]LogFileCache: Scanning file cache for directory 'E:/TopDownGame/Content/Collections/' took 0.01s
[2017.09.29-09.48.38:699][  0]LogCollectionManager: Rebuilt the GUID cache for 0 collections in 0.000002 seconds
[2017.09.29-09.48.38:707][  0]LogContentBrowser: Native class hierarchy populated in 0.0077 seconds. Added 2329 classes and 491 folders.
[2017.09.29-09.48.38:770][  0]LogContentBrowser: Native class hierarchy updated for 'WidgetCarousel' in 0.0004 seconds. Added 0 classes and 0 folders.
[2017.09.29-09.48.39:001][  0]LogContentBrowser: Native class hierarchy updated for 'AddContentDialog' in 0.0006 seconds. Added 0 classes and 0 folders.
[2017.09.29-09.48.39:035][  0]LogContentBrowser: Native class hierarchy updated for 'SceneOutliner' in 0.0004 seconds. Added 1 classes and 2 folders.
[2017.09.29-09.48.39:071][  0]LogCrashTracker: Crashtracker disabled due to settings.
[2017.09.29-09.48.39:079][  0]LogSlate: Took 0.003882 seconds to synchronously load lazily loaded font '../../../Engine/Content/Slate/Fonts/Roboto-Regular.ttf' (155K)
[2017.09.29-09.48.39:083][  0]LogSlate: Took 0.002921 seconds to synchronously load lazily loaded font '../../../Engine/Content/Slate/Fonts/Roboto-Bold.ttf' (160K)
[2017.09.29-09.48.39:091][  0]LogSlate: Took 0.003275 seconds to synchronously load lazily loaded font '../../../Engine/Content/Editor/Slate/Fonts/FontAwesome.ttf' (139K)
[2017.09.29-09.48.39:210][  0]LogRenderer: Reallocating scene render targets to support 1208x576 NumSamples 1 (Frame:1).
[2017.09.29-09.48.39:434][  0]LogContentBrowser: Native class hierarchy updated for 'HierarchicalLODOutliner' in 0.0004 seconds. Added 1 classes and 2 folders.
[2017.09.29-09.48.39:434][  0]LogLoad: (Engine Initialization) Total time: 23.63 seconds
[2017.09.29-09.48.39:434][  0]LogLoad: (Engine Initialization) Total Blueprint compile time: 0.18 seconds
[2017.09.29-09.48.39:434][  0]LogExternalProfiler: No external profilers were discovered.  External profiling features will not be available.
[2017.09.29-09.48.39:444][  0]LogOcInput: OculusInput pre-init called
[2017.09.29-09.48.39:444][  0]LogHMD: Starting GearVRController plugin
[2017.09.29-09.48.39:457][  0]LogAssetRegistry: Asset discovery search completed in 12.9118 seconds
[2017.09.29-09.48.39:458][  0]LogCollectionManager: Rebuilt the object cache for 0 collections in 0.000000 seconds (found 0 objects)
[2017.09.29-09.48.39:458][  0]LogCollectionManager: Fixed up redirectors for 0 collections in 0.000018 seconds (updated 0 objects)
[2017.09.29-09.48.39:458][  0]LogContentStreaming: Texture pool size now 1000 MB
[2017.09.29-09.48.39:504][  0]LogSlate: Took 0.002970 seconds to synchronously load lazily loaded font '../../../Engine/Content/Slate/Fonts/Roboto-Light.ttf' (159K)
[2017.09.29-09.48.46:152][741]LogTemp: Repeting last play command: Selected Viewport
[2017.09.29-09.48.46:339][741]LogBlueprintUserMessages: Early PlayInEditor Detection: Level '/Game/TopDownBP/Maps/TopDownExampleMap.TopDownExampleMap:PersistentLevel' has LevelScriptBlueprint '/Game/TopDownBP/Maps/TopDownExampleMap.TopDownExampleMap:PersistentLevel.TopDownExampleMap' with GeneratedClass '/Game/TopDownBP/Maps/TopDownExampleMap.TopDownExampleMap_C' with ClassGeneratedBy '/Game/TopDownBP/Maps/TopDownExampleMap.TopDownExampleMap:PersistentLevel.TopDownExampleMap'
[2017.09.29-09.48.46:339][741]LogPlayLevel: PlayLevel: No blueprints needed recompiling
[2017.09.29-09.48.46:339][741]PIE: New page: PIE session: TopDownExampleMap (29 Sep 2017 11:48:46)
[2017.09.29-09.48.46:339][741]LogPlayLevel: Creating play world package: /Game/TopDownBP/Maps/UEDPIE_0_TopDownExampleMap
[2017.09.29-09.48.46:372][741]LogPlayLevel: PIE: StaticDuplicateObject took: (0.032212s)
[2017.09.29-09.48.46:372][741]LogAIModule: Creating AISystem for world TopDownExampleMap
[2017.09.29-09.48.46:372][741]LogPlayLevel: PIE: World Init took: (0.000645s)
[2017.09.29-09.48.46:372][741]LogPlayLevel: PIE: Created PIE world by copying editor world from /Game/TopDownBP/Maps/TopDownExampleMap.TopDownExampleMap to /Game/TopDownBP/Maps/UEDPIE_0_TopDownExampleMap.TopDownExampleMap (0.033081s)
[2017.09.29-09.48.46:390][741]LogInit: XAudio2 using 'Speakers (Realtek High Definition Audio)' : 2 channels at 48 kHz using 32 bits per sample (channel mask 0x3)
[2017.09.29-09.48.46:398][741]LogInit: FAudioDevice initialized.
[2017.09.29-09.48.46:442][741]LogLoad: Game class is 'TopDownGameMode_C'
[2017.09.29-09.48.46:448][741]LogWorld: Bringing World /Game/TopDownBP/Maps/UEDPIE_0_TopDownExampleMap.TopDownExampleMap up for play (max tick rate 0) at 2017.09.29-10.48.46
[2017.09.29-09.48.46:448][741]LogWorld: Bringing up level for play took: 0.004319
[2017.09.29-09.48.46:481][741]LogContentBrowser: Native class hierarchy updated for 'MovieSceneCapture' in 0.0007 seconds. Added 11 classes and 0 folders.
[2017.09.29-09.48.46:481][741]PIE: Info Play in editor start time for /Game/TopDownBP/Maps/UEDPIE_0_TopDownExampleMap 0.02
[2017.09.29-09.48.46:482][741]LogBlueprintUserMessages: Late PlayInEditor Detection: Level '/Game/TopDownBP/Maps/TopDownExampleMap.TopDownExampleMap:PersistentLevel' has LevelScriptBlueprint '/Game/TopDownBP/Maps/TopDownExampleMap.TopDownExampleMap:PersistentLevel.TopDownExampleMap' with GeneratedClass '/Game/TopDownBP/Maps/TopDownExampleMap.TopDownExampleMap_C' with ClassGeneratedBy '/Game/TopDownBP/Maps/TopDownExampleMap.TopDownExampleMap:PersistentLevel.TopDownExampleMap'
[2017.09.29-09.48.52:697][483]LogBlueprintUserMessages: Early EndPlayMap Detection: Level '/Game/TopDownBP/Maps/TopDownExampleMap.TopDownExampleMap:PersistentLevel' has LevelScriptBlueprint '/Game/TopDownBP/Maps/TopDownExampleMap.TopDownExampleMap:PersistentLevel.TopDownExampleMap' with GeneratedClass '/Game/TopDownBP/Maps/TopDownExampleMap.TopDownExampleMap_C' with ClassGeneratedBy '/Game/TopDownBP/Maps/TopDownExampleMap.TopDownExampleMap:PersistentLevel.TopDownExampleMap'
[2017.09.29-09.48.52:729][483]LogBlueprintUserMessages: Late EndPlayMap Detection: Level '/Game/TopDownBP/Maps/TopDownExampleMap.TopDownExampleMap:PersistentLevel' has LevelScriptBlueprint '/Game/TopDownBP/Maps/TopDownExampleMap.TopDownExampleMap:PersistentLevel.TopDownExampleMap' with GeneratedClass '/Game/TopDownBP/Maps/TopDownExampleMap.TopDownExampleMap_C' with ClassGeneratedBy '/Game/TopDownBP/Maps/TopDownExampleMap.TopDownExampleMap:PersistentLevel.TopDownExampleMap'
[2017.09.29-09.49.00:486][261]LogTemp: Repeting last play command: Selected Viewport
[2017.09.29-09.49.00:527][261]LogBlueprintUserMessages: Early PlayInEditor Detection: Level '/Game/TopDownBP/Maps/TopDownExampleMap.TopDownExampleMap:PersistentLevel' has LevelScriptBlueprint '/Game/TopDownBP/Maps/TopDownExampleMap.TopDownExampleMap:PersistentLevel.TopDownExampleMap' with GeneratedClass '/Game/TopDownBP/Maps/TopDownExampleMap.TopDownExampleMap_C' with ClassGeneratedBy '/Game/TopDownBP/Maps/TopDownExampleMap.TopDownExampleMap:PersistentLevel.TopDownExampleMap'
[2017.09.29-09.49.00:527][261]LogPlayLevel: PlayLevel: No blueprints needed recompiling
[2017.09.29-09.49.00:527][261]PIE: New page: PIE session: TopDownExampleMap (29 Sep 2017 11:49:00)
[2017.09.29-09.49.00:527][261]LogPlayLevel: Creating play world package: /Game/TopDownBP/Maps/UEDPIE_0_TopDownExampleMap
[2017.09.29-09.49.00:553][261]LogPlayLevel: PIE: StaticDuplicateObject took: (0.025390s)
[2017.09.29-09.49.00:553][261]LogAIModule: Creating AISystem for world TopDownExampleMap
[2017.09.29-09.49.00:554][261]LogPlayLevel: PIE: World Init took: (0.000745s)
[2017.09.29-09.49.00:554][261]LogPlayLevel: PIE: Created PIE world by copying editor world from /Game/TopDownBP/Maps/TopDownExampleMap.TopDownExampleMap to /Game/TopDownBP/Maps/UEDPIE_0_TopDownExampleMap.TopDownExampleMap (0.026372s)
[2017.09.29-09.49.00:569][261]LogInit: XAudio2 using 'Speakers (Realtek High Definition Audio)' : 2 channels at 48 kHz using 32 bits per sample (channel mask 0x3)
[2017.09.29-09.49.00:576][261]LogInit: FAudioDevice initialized.
[2017.09.29-09.49.00:605][261]LogLoad: Game class is 'TopDownGameMode_C'
[2017.09.29-09.49.00:610][261]LogWorld: Bringing World /Game/TopDownBP/Maps/UEDPIE_0_TopDownExampleMap.TopDownExampleMap up for play (max tick rate 0) at 2017.09.29-10.49.00
[2017.09.29-09.49.00:611][261]LogWorld: Bringing up level for play took: 0.005410
[2017.09.29-09.49.00:612][261]PIE: Info Play in editor start time for /Game/TopDownBP/Maps/UEDPIE_0_TopDownExampleMap 0.15
[2017.09.29-09.49.00:612][261]LogBlueprintUserMessages: Late PlayInEditor Detection: Level '/Game/TopDownBP/Maps/TopDownExampleMap.TopDownExampleMap:PersistentLevel' has LevelScriptBlueprint '/Game/TopDownBP/Maps/TopDownExampleMap.TopDownExampleMap:PersistentLevel.TopDownExampleMap' with GeneratedClass '/Game/TopDownBP/Maps/TopDownExampleMap.TopDownExampleMap_C' with ClassGeneratedBy '/Game/TopDownBP/Maps/TopDownExampleMap.TopDownExampleMap:PersistentLevel.TopDownExampleMap'
[2017.09.29-09.49.12:327][663]LogBlueprintUserMessages: Early EndPlayMap Detection: Level '/Game/TopDownBP/Maps/TopDownExampleMap.TopDownExampleMap:PersistentLevel' has LevelScriptBlueprint '/Game/TopDownBP/Maps/TopDownExampleMap.TopDownExampleMap:PersistentLevel.TopDownExampleMap' with GeneratedClass '/Game/TopDownBP/Maps/TopDownExampleMap.TopDownExampleMap_C' with ClassGeneratedBy '/Game/TopDownBP/Maps/TopDownExampleMap.TopDownExampleMap:PersistentLevel.TopDownExampleMap'
[2017.09.29-09.49.12:356][663]LogBlueprintUserMessages: Late EndPlayMap Detection: Level '/Game/TopDownBP/Maps/TopDownExampleMap.TopDownExampleMap:PersistentLevel' has LevelScriptBlueprint '/Game/TopDownBP/Maps/TopDownExampleMap.TopDownExampleMap:PersistentLevel.TopDownExampleMap' with GeneratedClass '/Game/TopDownBP/Maps/TopDownExampleMap.TopDownExampleMap_C' with ClassGeneratedBy '/Game/TopDownBP/Maps/TopDownExampleMap.TopDownExampleMap:PersistentLevel.TopDownExampleMap'
[2017.09.29-10.00.11:947][474]LogTemp: Repeting last play command: Selected Viewport
[2017.09.29-10.00.11:986][474]LogBlueprintUserMessages: Early PlayInEditor Detection: Level '/Game/TopDownBP/Maps/TopDownExampleMap.TopDownExampleMap:PersistentLevel' has LevelScriptBlueprint '/Game/TopDownBP/Maps/TopDownExampleMap.TopDownExampleMap:PersistentLevel.TopDownExampleMap' with GeneratedClass '/Game/TopDownBP/Maps/TopDownExampleMap.TopDownExampleMap_C' with ClassGeneratedBy '/Game/TopDownBP/Maps/TopDownExampleMap.TopDownExampleMap:PersistentLevel.TopDownExampleMap'
[2017.09.29-10.00.11:986][474]LogPlayLevel: PlayLevel: No blueprints needed recompiling
[2017.09.29-10.00.11:986][474]PIE: New page: PIE session: TopDownExampleMap (29 Sep 2017 12:00:11)
[2017.09.29-10.00.11:986][474]LogPlayLevel: Creating play world package: /Game/TopDownBP/Maps/UEDPIE_0_TopDownExampleMap
[2017.09.29-10.00.12:012][474]LogPlayLevel: PIE: StaticDuplicateObject took: (0.025612s)
[2017.09.29-10.00.12:013][474]LogAIModule: Creating AISystem for world TopDownExampleMap
[2017.09.29-10.00.12:013][474]LogPlayLevel: PIE: World Init took: (0.001242s)
[2017.09.29-10.00.12:013][474]LogPlayLevel: PIE: Created PIE world by copying editor world from /Game/TopDownBP/Maps/TopDownExampleMap.TopDownExampleMap to /Game/TopDownBP/Maps/UEDPIE_0_TopDownExampleMap.TopDownExampleMap (0.027205s)
[2017.09.29-10.00.12:030][474]LogInit: XAudio2 using 'Speakers (Realtek High Definition Audio)' : 2 channels at 48 kHz using 32 bits per sample (channel mask 0x3)
[2017.09.29-10.00.12:039][474]LogInit: FAudioDevice initialized.
[2017.09.29-10.00.12:072][474]LogLoad: Game class is 'TopDownGameMode_C'
[2017.09.29-10.00.12:077][474]LogWorld: Bringing World /Game/TopDownBP/Maps/UEDPIE_0_TopDownExampleMap.TopDownExampleMap up for play (max tick rate 0) at 2017.09.29-11.00.12
[2017.09.29-10.00.12:077][474]LogWorld: Bringing up level for play took: 0.004549
[2017.09.29-10.00.12:078][474]PIE: Info Play in editor start time for /Game/TopDownBP/Maps/UEDPIE_0_TopDownExampleMap -0.389
[2017.09.29-10.00.12:078][474]LogBlueprintUserMessages: Late PlayInEditor Detection: Level '/Game/TopDownBP/Maps/TopDownExampleMap.TopDownExampleMap:PersistentLevel' has LevelScriptBlueprint '/Game/TopDownBP/Maps/TopDownExampleMap.TopDownExampleMap:PersistentLevel.TopDownExampleMap' with GeneratedClass '/Game/TopDownBP/Maps/TopDownExampleMap.TopDownExampleMap_C' with ClassGeneratedBy '/Game/TopDownBP/Maps/TopDownExampleMap.TopDownExampleMap:PersistentLevel.TopDownExampleMap'
[2017.09.29-10.00.41:243][970]LogBlueprintUserMessages: Early EndPlayMap Detection: Level '/Game/TopDownBP/Maps/TopDownExampleMap.TopDownExampleMap:PersistentLevel' has LevelScriptBlueprint '/Game/TopDownBP/Maps/TopDownExampleMap.TopDownExampleMap:PersistentLevel.TopDownExampleMap' with GeneratedClass '/Game/TopDownBP/Maps/TopDownExampleMap.TopDownExampleMap_C' with ClassGeneratedBy '/Game/TopDownBP/Maps/TopDownExampleMap.TopDownExampleMap:PersistentLevel.TopDownExampleMap'
[2017.09.29-10.00.41:278][970]LogBlueprintUserMessages: Late EndPlayMap Detection: Level '/Game/TopDownBP/Maps/TopDownExampleMap.TopDownExampleMap:PersistentLevel' has LevelScriptBlueprint '/Game/TopDownBP/Maps/TopDownExampleMap.TopDownExampleMap:PersistentLevel.TopDownExampleMap' with GeneratedClass '/Game/TopDownBP/Maps/TopDownExampleMap.TopDownExampleMap_C' with ClassGeneratedBy '/Game/TopDownBP/Maps/TopDownExampleMap.TopDownExampleMap:PersistentLevel.TopDownExampleMap'
[2017.09.29-10.07.30:142][695]LogSlate: Took 0.000125 seconds to synchronously load lazily loaded font '../../../Engine/Content/Slate/Fonts/Roboto-Light.ttf' (159K)
[2017.09.29-10.07.30:155][695]LogFactory: FactoryCreateFile: StaticMesh with FbxFactory (0 0 ../../../../../../Users/emma.cox/Desktop/Treetesting.fbx)
[2017.09.29-10.07.30:168][695]LogFbx: ItemName: GlobalSettings, ItemCount : 1
[2017.09.29-10.07.30:168][695]LogFbx: ItemName: AnimationStack, ItemCount : 1
[2017.09.29-10.07.30:168][695]LogFbx: ItemName: AnimationLayer, ItemCount : 1
[2017.09.29-10.07.30:168][695]LogFbx: ItemName: NodeAttribute, ItemCount : 6
[2017.09.29-10.07.30:168][695]LogFbx: ItemName: Model, ItemCount : 8
[2017.09.29-10.07.30:168][695]LogFbx: ItemName: Geometry, ItemCount : 2
[2017.09.29-10.07.30:168][695]LogFbx: ItemName: Material, ItemCount : 2
[2017.09.29-10.07.30:168][695]LogFbx: ItemName: Texture, ItemCount : 2
[2017.09.29-10.07.30:168][695]LogFbx: ItemName: Video, ItemCount : 2
[2017.09.29-10.07.30:172][695]LogFbx: Loading FBX Scene from ../../../../../../Users/emma.cox/Desktop/Treetesting.fbx
[2017.09.29-10.07.30:212][695]LogFbx: FBX Scene Loaded Succesfully
[2017.09.29-10.07.33:171][695]LogFbx: Loading FBX Scene from ../../../../../../Users/emma.cox/Desktop/Treetesting.fbx
[2017.09.29-10.07.33:191][695]LogFbx: FBX Scene Loaded Succesfully
[2017.09.29-10.07.33:196][695]LogLinker: Can't find file '/Game/TopDownBP/lambert3'
[2017.09.29-10.07.33:196][695]LogLinker: Can't find file '/Game/TopDownBP/lambert3'
[2017.09.29-10.07.33:214][695]LogLinker: Can't find file '/Game/TopDownBP/T_Blossom'
[2017.09.29-10.07.33:214][695]LogLinker: Can't find file '/Game/TopDownBP/T_Blossom'
[2017.09.29-10.07.33:227][695]LogTexture:Display: Building textures: T_Blossom (AutoDXT, 512X512)
[2017.09.29-10.07.33:373][695]LogTexture:Display: Building textures: T_Blossom (AutoDXT, 512X512)
[2017.09.29-10.07.33:479][695]LogMaterial: Missing cached shader map for material lambert3, compiling. 
[2017.09.29-10.07.33:556][695]LogStaticMesh: Building static mesh Treetesting...
[2017.09.29-10.07.34:422][695]LogStaticMesh: Built static mesh [0.87s] /Game/TopDownBP/Treetesting.Treetesting
[2017.09.29-10.07.34:554][695]LogSlate: Took 0.000183 seconds to synchronously load lazily loaded font '../../../Engine/Content/Slate/Fonts/Roboto-Regular.ttf' (155K)
[2017.09.29-10.07.34:555][695]FBXImport:Warning: Warning Mesh [Geometry have no name] in the fbx file is not reference by any hierarchy node. 
[2017.09.29-10.07.34:555][695]FBXImport:Warning: Warning No smoothing group information was found in this FBX scene.  Please make sure to enable the 'Export Smoothing Groups' option in the FBX Exporter plug-in before exporting the file.  Even for tools that don't support smoothing groups, the FBX Exporter will generate appropriate smoothing data at export-time so that correct vertex normals can be inferred while importing. 
[2017.09.29-10.07.39:692][106]LogActorFactory: Actor Factory created Treetesting
[2017.09.29-10.07.40:919][232]LogActorFactory: Actor Factory created Treetesting
[2017.09.29-10.08.08:535][ 48]LogTemp: Repeting last play command: Selected Viewport
[2017.09.29-10.08.08:577][ 48]LogBlueprintUserMessages: Early PlayInEditor Detection: Level '/Game/TopDownBP/Maps/TopDownExampleMap.TopDownExampleMap:PersistentLevel' has LevelScriptBlueprint '/Game/TopDownBP/Maps/TopDownExampleMap.TopDownExampleMap:PersistentLevel.TopDownExampleMap' with GeneratedClass '/Game/TopDownBP/Maps/TopDownExampleMap.TopDownExampleMap_C' with ClassGeneratedBy '/Game/TopDownBP/Maps/TopDownExampleMap.TopDownExampleMap:PersistentLevel.TopDownExampleMap'
[2017.09.29-10.08.08:577][ 48]LogPlayLevel: PlayLevel: No blueprints needed recompiling
[2017.09.29-10.08.08:577][ 48]PIE: New page: PIE session: TopDownExampleMap (29 Sep 2017 12:08:08)
[2017.09.29-10.08.08:577][ 48]LogPlayLevel: Creating play world package: /Game/TopDownBP/Maps/UEDPIE_0_TopDownExampleMap
[2017.09.29-10.08.08:605][ 48]LogPlayLevel: PIE: StaticDuplicateObject took: (0.028554s)
[2017.09.29-10.08.08:606][ 48]LogAIModule: Creating AISystem for world TopDownExampleMap
[2017.09.29-10.08.08:607][ 48]LogPlayLevel: PIE: World Init took: (0.001030s)
[2017.09.29-10.08.08:607][ 48]LogPlayLevel: PIE: Created PIE world by copying editor world from /Game/TopDownBP/Maps/TopDownExampleMap.TopDownExampleMap to /Game/TopDownBP/Maps/UEDPIE_0_TopDownExampleMap.TopDownExampleMap (0.029881s)
[2017.09.29-10.08.08:620][ 48]LogInit: XAudio2 using 'Speakers (Realtek High Definition Audio)' : 2 channels at 48 kHz using 32 bits per sample (channel mask 0x3)
[2017.09.29-10.08.08:628][ 48]LogInit: FAudioDevice initialized.
[2017.09.29-10.08.08:658][ 48]LogLoad: Game class is 'TopDownGameMode_C'
[2017.09.29-10.08.08:664][ 48]LogWorld: Bringing World /Game/TopDownBP/Maps/UEDPIE_0_TopDownExampleMap.TopDownExampleMap up for play (max tick rate 0) at 2017.09.29-11.08.08
[2017.09.29-10.08.08:664][ 48]LogWorld: Bringing up level for play took: 0.004929
[2017.09.29-10.08.08:665][ 48]PIE: Info Play in editor start time for /Game/TopDownBP/Maps/UEDPIE_0_TopDownExampleMap 0.195
[2017.09.29-10.08.08:665][ 48]LogBlueprintUserMessages: Late PlayInEditor Detection: Level '/Game/TopDownBP/Maps/TopDownExampleMap.TopDownExampleMap:PersistentLevel' has LevelScriptBlueprint '/Game/TopDownBP/Maps/TopDownExampleMap.TopDownExampleMap:PersistentLevel.TopDownExampleMap' with GeneratedClass '/Game/TopDownBP/Maps/TopDownExampleMap.TopDownExampleMap_C' with ClassGeneratedBy '/Game/TopDownBP/Maps/TopDownExampleMap.TopDownExampleMap:PersistentLevel.TopDownExampleMap'
[2017.09.29-10.08.16:139][940]LogBlueprintUserMessages: Early EndPlayMap Detection: Level '/Game/TopDownBP/Maps/TopDownExampleMap.TopDownExampleMap:PersistentLevel' has LevelScriptBlueprint '/Game/TopDownBP/Maps/TopDownExampleMap.TopDownExampleMap:PersistentLevel.TopDownExampleMap' with GeneratedClass '/Game/TopDownBP/Maps/TopDownExampleMap.TopDownExampleMap_C' with ClassGeneratedBy '/Game/TopDownBP/Maps/TopDownExampleMap.TopDownExampleMap:PersistentLevel.TopDownExampleMap'
[2017.09.29-10.08.16:190][940]LogBlueprintUserMessages: Late EndPlayMap Detection: Level '/Game/TopDownBP/Maps/TopDownExampleMap.TopDownExampleMap:PersistentLevel' has LevelScriptBlueprint '/Game/TopDownBP/Maps/TopDownExampleMap.TopDownExampleMap:PersistentLevel.TopDownExampleMap' with GeneratedClass '/Game/TopDownBP/Maps/TopDownExampleMap.TopDownExampleMap_C' with ClassGeneratedBy '/Game/TopDownBP/Maps/TopDownExampleMap.TopDownExampleMap:PersistentLevel.TopDownExampleMap'
[2017.09.29-10.08.23:294][353]LogMaterial: Missing cached shader map for material lambert3, compiling. 
[2017.09.29-10.08.23:346][353]LogMaterial: Missing cached shader map for material lambert3, compiling. 
[2017.09.29-10.08.23:361][353]LogMaterial: Missing cached shader map for material lambert3, compiling. 
[2017.09.29-10.08.23:397][353]LogMaterial: Missing cached shader map for material FMatExpressionPreview MaterialExpressionTextureSample_0, compiling. 
[2017.09.29-10.08.23:402][353]LogMaterial: Missing cached shader map for material FMatExpressionPreview MaterialExpressionTextureSample_1, compiling. 
[2017.09.29-10.08.23:415][353]LogSlate: Took 0.003833 seconds to synchronously load lazily loaded font '../../../Engine/Content/Editor/Slate/Fonts/Roboto-BoldCondensed.ttf' (158K)
[2017.09.29-10.08.25:044][458]MaterialEditorStats: Info Base pass shader: 50 instructions
[2017.09.29-10.08.25:044][458]MaterialEditorStats: Info Vertex shader: 123 instructions
[2017.09.29-10.08.25:044][458]MaterialEditorStats: Info Texture samplers: 5/16
[2017.09.29-10.08.25:044][458]MaterialEditorStats: Info User interpolators: 2/4 Scalars (1/4 Vectors) (TexCoords: 2, Custom: 0)
[2017.09.29-10.08.30:573][856]LogMaterial: Missing cached shader map for material lambert3, compiling. 
[2017.09.29-10.08.32:015][947]MaterialEditorStats: Info Base pass shader: 47 instructions
[2017.09.29-10.08.32:015][947]MaterialEditorStats: Info Vertex shader: 123 instructions
[2017.09.29-10.08.32:015][947]MaterialEditorStats: Info Texture samplers: 5/16
[2017.09.29-10.08.32:015][947]MaterialEditorStats: Info User interpolators: 2/4 Scalars (1/4 Vectors) (TexCoords: 2, Custom: 0)
[2017.09.29-10.08.32:742][998]LogMaterial: Missing cached shader map for material lambert3, compiling. 
[2017.09.29-10.08.32:755][998]LogMaterial: Missing cached shader map for material FMatExpressionPreview MaterialExpressionTextureSample_0, compiling. 
[2017.09.29-10.08.34:049][ 86]MaterialEditorStats: Info Base pass shader: 47 instructions
[2017.09.29-10.08.34:049][ 86]MaterialEditorStats: Info Vertex shader: 123 instructions
[2017.09.29-10.08.34:049][ 86]MaterialEditorStats: Info Texture samplers: 5/16
[2017.09.29-10.08.34:049][ 86]MaterialEditorStats: Info User interpolators: 2/4 Scalars (1/4 Vectors) (TexCoords: 2, Custom: 0)
[2017.09.29-10.08.36:687][274]LogMaterial: Missing cached shader map for material lambert3, compiling. 
[2017.09.29-10.08.36:718][274]LogMaterial: Missing cached shader map for material lambert3, compiling. 
[2017.09.29-10.08.38:211][369]MaterialEditorStats: Info Base pass shader: 84 instructions
[2017.09.29-10.08.38:211][369]MaterialEditorStats: Info Vertex shader: 31 instructions
[2017.09.29-10.08.38:211][369]MaterialEditorStats: Info Texture samplers: 2/16
[2017.09.29-10.08.38:211][369]MaterialEditorStats: Info User interpolators: 2/4 Scalars (1/4 Vectors) (TexCoords: 2, Custom: 0)
[2017.09.29-10.08.39:650][473]LogMaterial: Missing cached shader map for material lambert3, compiling. 
[2017.09.29-10.08.39:673][473]LogMaterial: Missing cached shader map for material lambert3, compiling. 
[2017.09.29-10.08.41:291][581]MaterialEditorStats: Info Base pass shader: 100 instructions
[2017.09.29-10.08.41:291][581]MaterialEditorStats: Info Vertex shader: 31 instructions
[2017.09.29-10.08.41:291][581]MaterialEditorStats: Info Texture samplers: 2/16
[2017.09.29-10.08.41:291][581]MaterialEditorStats: Info User interpolators: 2/4 Scalars (1/4 Vectors) (TexCoords: 2, Custom: 0)
[2017.09.29-10.08.49:284][158]LogMaterial: Missing cached shader map for material lambert3, compiling. 
[2017.09.29-10.08.49:305][158]LogMaterial: Missing cached shader map for material lambert3, compiling. 
[2017.09.29-10.08.50:673][251]MaterialEditorStats: Info Base pass shader: 100 instructions
[2017.09.29-10.08.50:673][251]MaterialEditorStats: Info Vertex shader: 31 instructions
[2017.09.29-10.08.50:673][251]MaterialEditorStats: Info Texture samplers: 2/16
[2017.09.29-10.08.50:673][251]MaterialEditorStats: Info User interpolators: 2/4 Scalars (1/4 Vectors) (TexCoords: 2, Custom: 0)
[2017.09.29-10.08.52:314][369]LogMaterial: Missing cached shader map for material lambert3, compiling. 
[2017.09.29-10.08.53:681][465]MaterialEditorStats: Info Base pass shader: 104 instructions
[2017.09.29-10.08.53:681][465]MaterialEditorStats: Info Vertex shader: 31 instructions
[2017.09.29-10.08.53:681][465]MaterialEditorStats: Info Texture samplers: 2/16
[2017.09.29-10.08.53:681][465]MaterialEditorStats: Info User interpolators: 2/4 Scalars (1/4 Vectors) (TexCoords: 2, Custom: 0)
[2017.09.29-10.08.54:930][556]LogMaterialEditor: Saving and Compiling material lambert3
[2017.09.29-10.08.55:447][556]LogMaterial: Missing cached shader map for material lambert3, compiling. 
[2017.09.29-10.08.55:511][556]LogMaterial: Missing cached shader map for material lambert3, compiling. 
[2017.09.29-10.08.55:558][556]LogMaterial: Missing cached shader map for material lambert3, compiling. 
[2017.09.29-10.08.55:611][556]LogMaterial: Missing cached shader map for material FDebugViewModeMaterialProxy lambert3, compiling. 
[2017.09.29-10.08.56:744][556]TextureStreamingBuild:Display: Compiling optional shaders took 1.141 seconds.
[2017.09.29-10.08.58:555][556]Cmd: OBJ SAVEPACKAGE PACKAGE="/Game/TopDownBP/lambert3" FILE="E:/TopDownGame/Content/TopDownBP/lambert3.uasset" SILENT=true
[2017.09.29-10.08.58:606][556]LogSavePackage: Save=31.07ms
[2017.09.29-10.08.58:606][556]LogSavePackage: Moving 'E:/TopDownGame/Saved/lambert336B8D65848306862148FFC9B3EFF8425.tmp' to 'E:/TopDownGame/Content/TopDownBP/lambert3.uasset'
[2017.09.29-10.08.58:626][556]LogSavePackage:Display: Finished SavePackage E:/TopDownGame/Content/TopDownBP/lambert3.uasset
[2017.09.29-10.08.58:631][556]MaterialEditorStats: Info Base pass shader: 104 instructions
[2017.09.29-10.08.58:631][556]MaterialEditorStats: Info Vertex shader: 33 instructions
[2017.09.29-10.08.58:631][556]MaterialEditorStats: Info Texture samplers: 3/16
[2017.09.29-10.08.58:631][556]MaterialEditorStats: Info User interpolators: 2/4 Scalars (1/4 Vectors) (TexCoords: 2, Custom: 0)
[2017.09.29-10.09.02:023][828]LogTemp: Repeting last play command: Selected Viewport
[2017.09.29-10.09.02:057][828]LogBlueprintUserMessages: Early PlayInEditor Detection: Level '/Game/TopDownBP/Maps/TopDownExampleMap.TopDownExampleMap:PersistentLevel' has LevelScriptBlueprint '/Game/TopDownBP/Maps/TopDownExampleMap.TopDownExampleMap:PersistentLevel.TopDownExampleMap' with GeneratedClass '/Game/TopDownBP/Maps/TopDownExampleMap.TopDownExampleMap_C' with ClassGeneratedBy '/Game/TopDownBP/Maps/TopDownExampleMap.TopDownExampleMap:PersistentLevel.TopDownExampleMap'
[2017.09.29-10.09.02:057][828]LogPlayLevel: PlayLevel: No blueprints needed recompiling
[2017.09.29-10.09.02:057][828]PIE: New page: PIE session: TopDownExampleMap (29 Sep 2017 12:09:02)
[2017.09.29-10.09.02:057][828]LogPlayLevel: Creating play world package: /Game/TopDownBP/Maps/UEDPIE_0_TopDownExampleMap
[2017.09.29-10.09.02:080][828]LogPlayLevel: PIE: StaticDuplicateObject took: (0.022399s)
[2017.09.29-10.09.02:080][828]LogAIModule: Creating AISystem for world TopDownExampleMap
[2017.09.29-10.09.02:081][828]LogPlayLevel: PIE: World Init took: (0.000952s)
[2017.09.29-10.09.02:081][828]LogPlayLevel: PIE: Created PIE world by copying editor world from /Game/TopDownBP/Maps/TopDownExampleMap.TopDownExampleMap to /Game/TopDownBP/Maps/UEDPIE_0_TopDownExampleMap.TopDownExampleMap (0.023665s)
[2017.09.29-10.09.02:095][828]LogInit: XAudio2 using 'Speakers (Realtek High Definition Audio)' : 2 channels at 48 kHz using 32 bits per sample (channel mask 0x3)
[2017.09.29-10.09.02:103][828]LogInit: FAudioDevice initialized.
[2017.09.29-10.09.02:132][828]LogLoad: Game class is 'TopDownGameMode_C'
[2017.09.29-10.09.02:138][828]LogWorld: Bringing World /Game/TopDownBP/Maps/UEDPIE_0_TopDownExampleMap.TopDownExampleMap up for play (max tick rate 0) at 2017.09.29-11.09.02
[2017.09.29-10.09.02:138][828]LogWorld: Bringing up level for play took: 0.004559
[2017.09.29-10.09.02:139][828]PIE: Info Play in editor start time for /Game/TopDownBP/Maps/UEDPIE_0_TopDownExampleMap -0.331
[2017.09.29-10.09.02:139][828]LogBlueprintUserMessages: Late PlayInEditor Detection: Level '/Game/TopDownBP/Maps/TopDownExampleMap.TopDownExampleMap:PersistentLevel' has LevelScriptBlueprint '/Game/TopDownBP/Maps/TopDownExampleMap.TopDownExampleMap:PersistentLevel.TopDownExampleMap' with GeneratedClass '/Game/TopDownBP/Maps/TopDownExampleMap.TopDownExampleMap_C' with ClassGeneratedBy '/Game/TopDownBP/Maps/TopDownExampleMap.TopDownExampleMap:PersistentLevel.TopDownExampleMap'
[2017.09.29-10.09.22:842][307]LogBlueprintUserMessages: Early EndPlayMap Detection: Level '/Game/TopDownBP/Maps/TopDownExampleMap.TopDownExampleMap:PersistentLevel' has LevelScriptBlueprint '/Game/TopDownBP/Maps/TopDownExampleMap.TopDownExampleMap:PersistentLevel.TopDownExampleMap' with GeneratedClass '/Game/TopDownBP/Maps/TopDownExampleMap.TopDownExampleMap_C' with ClassGeneratedBy '/Game/TopDownBP/Maps/TopDownExampleMap.TopDownExampleMap:PersistentLevel.TopDownExampleMap'
[2017.09.29-10.09.22:888][307]LogBlueprintUserMessages: Late EndPlayMap Detection: Level '/Game/TopDownBP/Maps/TopDownExampleMap.TopDownExampleMap:PersistentLevel' has LevelScriptBlueprint '/Game/TopDownBP/Maps/TopDownExampleMap.TopDownExampleMap:PersistentLevel.TopDownExampleMap' with GeneratedClass '/Game/TopDownBP/Maps/TopDownExampleMap.TopDownExampleMap_C' with ClassGeneratedBy '/Game/TopDownBP/Maps/TopDownExampleMap.TopDownExampleMap:PersistentLevel.TopDownExampleMap'
[2017.09.29-10.09.27:531][563]LogContentBrowser: Native class hierarchy updated for 'BlueprintGraph' in 0.0007 seconds. Added 112 classes and 0 folders.
[2017.09.29-10.09.28:472][564]LogSlate: Took 0.002808 seconds to synchronously load lazily loaded font '../../../Engine/Content/Editor/Slate/Fonts/Roboto-Italic.ttf' (157K)
[2017.09.29-10.09.37:480][ 31]BlueprintLog: New page: Compile MainCharV2
[2017.09.29-10.09.44:352][290]Cmd: OBJ SAVEPACKAGE PACKAGE="/Game/TopDownBP/Blueprints/MainCharV2" FILE="E:/TopDownGame/Content/TopDownBP/Blueprints/MainCharV2.uasset" SILENT=true
[2017.09.29-10.09.49:345][290]LogSavePackage: Save=4924.43ms
[2017.09.29-10.09.49:345][290]LogSavePackage: Moving 'E:/TopDownGame/Saved/MainCharV2B9A5FDB94DBD5B07F9898EA2678C4613.tmp' to 'E:/TopDownGame/Content/TopDownBP/Blueprints/MainCharV2.uasset'
[2017.09.29-10.09.49:370][290]LogSavePackage:Display: Finished SavePackage E:/TopDownGame/Content/TopDownBP/Blueprints/MainCharV2.uasset
[2017.09.29-10.09.49:422][290]Cmd: OBJ SAVEPACKAGE PACKAGE="/Game/TopDownBP/Maps/TopDownExampleMap" FILE="E:/TopDownGame/Content/TopDownBP/Maps/TopDownExampleMap.umap" SILENT=true AUTOSAVING=false KEEPDIRTY=false
[2017.09.29-10.10.03:109][290]LogSavePackage: Save=13192.10ms
[2017.09.29-10.10.03:109][290]LogSavePackage: Moving 'E:/TopDownGame/Saved/TopDownExampleMap10E3AF16401A82AACC1935BFCDC3A87E.tmp' to 'E:/TopDownGame/Content/TopDownBP/Maps/TopDownExampleMap.umap'
[2017.09.29-10.10.03:138][290]LogSavePackage:Display: Finished SavePackage E:/TopDownGame/Content/TopDownBP/Maps/TopDownExampleMap.umap
[2017.09.29-10.10.03:208][290]LogFileHelpers: Saving map 'TopDownExampleMap' took 13.835
[2017.09.29-10.10.03:222][290]Cmd: OBJ SAVEPACKAGE PACKAGE="/Game/TopDownBP/T_Blossom" FILE="E:/TopDownGame/Content/TopDownBP/T_Blossom.uasset" SILENT=true
[2017.09.29-10.10.03:300][290]LogSavePackage: Save=63.42ms
[2017.09.29-10.10.03:300][290]LogSavePackage: Moving 'E:/TopDownGame/Saved/T_Blossom2A4732774B6BFED810E711A0BADADC45.tmp' to 'E:/TopDownGame/Content/TopDownBP/T_Blossom.uasset'
[2017.09.29-10.10.03:321][290]LogSavePackage:Display: Finished SavePackage E:/TopDownGame/Content/TopDownBP/T_Blossom.uasset
[2017.09.29-10.10.03:352][290]Cmd: OBJ SAVEPACKAGE PACKAGE="/Game/TopDownBP/Treetesting" FILE="E:/TopDownGame/Content/TopDownBP/Treetesting.uasset" SILENT=true
[2017.09.29-10.10.03:748][290]LogSavePackage: Save=380.16ms
[2017.09.29-10.10.03:748][290]LogSavePackage: Moving 'E:/TopDownGame/Saved/TreetestingD1ED7152451D94CF274936B401568CE1.tmp' to 'E:/TopDownGame/Content/TopDownBP/Treetesting.uasset'
[2017.09.29-10.10.03:770][290]LogSavePackage:Display: Finished SavePackage E:/TopDownGame/Content/TopDownBP/Treetesting.uasset
[2017.09.29-10.14.39:480][223]LogTemp: Repeting last play command: Selected Viewport
[2017.09.29-10.14.39:655][223]LogBlueprintUserMessages: Early PlayInEditor Detection: Level '/Game/TopDownBP/Maps/TopDownExampleMap.TopDownExampleMap:PersistentLevel' has LevelScriptBlueprint '/Game/TopDownBP/Maps/TopDownExampleMap.TopDownExampleMap:PersistentLevel.TopDownExampleMap' with GeneratedClass '/Game/TopDownBP/Maps/TopDownExampleMap.TopDownExampleMap_C' with ClassGeneratedBy '/Game/TopDownBP/Maps/TopDownExampleMap.TopDownExampleMap:PersistentLevel.TopDownExampleMap'
[2017.09.29-10.14.39:655][223]LogPlayLevel: PlayLevel: No blueprints needed recompiling
[2017.09.29-10.14.39:655][223]PIE: New page: PIE session: TopDownExampleMap (29 Sep 2017 12:14:39)
[2017.09.29-10.14.39:655][223]LogPlayLevel: Creating play world package: /Game/TopDownBP/Maps/UEDPIE_0_TopDownExampleMap
[2017.09.29-10.14.39:681][223]LogPlayLevel: PIE: StaticDuplicateObject took: (0.025199s)
[2017.09.29-10.14.39:682][223]LogAIModule: Creating AISystem for world TopDownExampleMap
[2017.09.29-10.14.39:682][223]LogPlayLevel: PIE: World Init took: (0.001146s)
[2017.09.29-10.14.39:682][223]LogPlayLevel: PIE: Created PIE world by copying editor world from /Game/TopDownBP/Maps/TopDownExampleMap.TopDownExampleMap to /Game/TopDownBP/Maps/UEDPIE_0_TopDownExampleMap.TopDownExampleMap (0.026696s)
[2017.09.29-10.14.39:703][223]LogInit: XAudio2 using 'Speakers (Realtek High Definition Audio)' : 2 channels at 48 kHz using 32 bits per sample (channel mask 0x3)
[2017.09.29-10.14.39:711][223]LogInit: FAudioDevice initialized.
[2017.09.29-10.14.39:743][223]LogLoad: Game class is 'TopDownGameMode_C'
[2017.09.29-10.14.39:749][223]LogWorld: Bringing World /Game/TopDownBP/Maps/UEDPIE_0_TopDownExampleMap.TopDownExampleMap up for play (max tick rate 0) at 2017.09.29-11.14.39
[2017.09.29-10.14.39:749][223]LogWorld: Bringing up level for play took: 0.005310
[2017.09.29-10.14.39:750][223]PIE: Info Play in editor start time for /Game/TopDownBP/Maps/UEDPIE_0_TopDownExampleMap -0.717
[2017.09.29-10.14.39:750][223]LogBlueprintUserMessages: Late PlayInEditor Detection: Level '/Game/TopDownBP/Maps/TopDownExampleMap.TopDownExampleMap:PersistentLevel' has LevelScriptBlueprint '/Game/TopDownBP/Maps/TopDownExampleMap.TopDownExampleMap:PersistentLevel.TopDownExampleMap' with GeneratedClass '/Game/TopDownBP/Maps/TopDownExampleMap.TopDownExampleMap_C' with ClassGeneratedBy '/Game/TopDownBP/Maps/TopDownExampleMap.TopDownExampleMap:PersistentLevel.TopDownExampleMap'
[2017.09.29-10.15.36:311][945]LogBlueprintUserMessages: Early EndPlayMap Detection: Level '/Game/TopDownBP/Maps/TopDownExampleMap.TopDownExampleMap:PersistentLevel' has LevelScriptBlueprint '/Game/TopDownBP/Maps/TopDownExampleMap.TopDownExampleMap:PersistentLevel.TopDownExampleMap' with GeneratedClass '/Game/TopDownBP/Maps/TopDownExampleMap.TopDownExampleMap_C' with ClassGeneratedBy '/Game/TopDownBP/Maps/TopDownExampleMap.TopDownExampleMap:PersistentLevel.TopDownExampleMap'
[2017.09.29-10.15.36:396][945]LogBlueprintUserMessages: Late EndPlayMap Detection: Level '/Game/TopDownBP/Maps/TopDownExampleMap.TopDownExampleMap:PersistentLevel' has LevelScriptBlueprint '/Game/TopDownBP/Maps/TopDownExampleMap.TopDownExampleMap:PersistentLevel.TopDownExampleMap' with GeneratedClass '/Game/TopDownBP/Maps/TopDownExampleMap.TopDownExampleMap_C' with ClassGeneratedBy '/Game/TopDownBP/Maps/TopDownExampleMap.TopDownExampleMap:PersistentLevel.TopDownExampleMap'
[2017.09.29-10.15.37:940][ 55]LogTemp: Repeting last play command: Selected Viewport
[2017.09.29-10.15.37:975][ 55]LogBlueprintUserMessages: Early PlayInEditor Detection: Level '/Game/TopDownBP/Maps/TopDownExampleMap.TopDownExampleMap:PersistentLevel' has LevelScriptBlueprint '/Game/TopDownBP/Maps/TopDownExampleMap.TopDownExampleMap:PersistentLevel.TopDownExampleMap' with GeneratedClass '/Game/TopDownBP/Maps/TopDownExampleMap.TopDownExampleMap_C' with ClassGeneratedBy '/Game/TopDownBP/Maps/TopDownExampleMap.TopDownExampleMap:PersistentLevel.TopDownExampleMap'
[2017.09.29-10.15.37:975][ 55]LogPlayLevel: PlayLevel: No blueprints needed recompiling
[2017.09.29-10.15.37:975][ 55]PIE: New page: PIE session: TopDownExampleMap (29 Sep 2017 12:15:37)
[2017.09.29-10.15.37:976][ 55]LogPlayLevel: Creating play world package: /Game/TopDownBP/Maps/UEDPIE_0_TopDownExampleMap
[2017.09.29-10.15.38:002][ 55]LogPlayLevel: PIE: StaticDuplicateObject took: (0.026132s)
[2017.09.29-10.15.38:002][ 55]LogAIModule: Creating AISystem for world TopDownExampleMap
[2017.09.29-10.15.38:002][ 55]LogPlayLevel: PIE: World Init took: (0.000612s)
[2017.09.29-10.15.38:002][ 55]LogPlayLevel: PIE: Created PIE world by copying editor world from /Game/TopDownBP/Maps/TopDownExampleMap.TopDownExampleMap to /Game/TopDownBP/Maps/UEDPIE_0_TopDownExampleMap.TopDownExampleMap (0.026926s)
[2017.09.29-10.15.38:021][ 55]LogInit: XAudio2 using 'Speakers (Realtek High Definition Audio)' : 2 channels at 48 kHz using 32 bits per sample (channel mask 0x3)
[2017.09.29-10.15.38:032][ 55]LogInit: FAudioDevice initialized.
[2017.09.29-10.15.38:064][ 55]LogLoad: Game class is 'TopDownGameMode_C'
[2017.09.29-10.15.38:069][ 55]LogWorld: Bringing World /Game/TopDownBP/Maps/UEDPIE_0_TopDownExampleMap.TopDownExampleMap up for play (max tick rate 0) at 2017.09.29-11.15.38
[2017.09.29-10.15.38:070][ 55]LogWorld: Bringing up level for play took: 0.004644
[2017.09.29-10.15.38:071][ 55]PIE: Info Play in editor start time for /Game/TopDownBP/Maps/UEDPIE_0_TopDownExampleMap -0.396
[2017.09.29-10.15.38:071][ 55]LogBlueprintUserMessages: Late PlayInEditor Detection: Level '/Game/TopDownBP/Maps/TopDownExampleMap.TopDownExampleMap:PersistentLevel' has LevelScriptBlueprint '/Game/TopDownBP/Maps/TopDownExampleMap.TopDownExampleMap:PersistentLevel.TopDownExampleMap' with GeneratedClass '/Game/TopDownBP/Maps/TopDownExampleMap.TopDownExampleMap_C' with ClassGeneratedBy '/Game/TopDownBP/Maps/TopDownExampleMap.TopDownExampleMap:PersistentLevel.TopDownExampleMap'
[2017.09.29-10.24.48:971][236]Set new viewmode: Wireframe
[2017.09.29-10.24.50:634][435]Set new viewmode: Wireframe
[2017.09.29-10.24.51:494][538]LogBlueprintUserMessages: Early EndPlayMap Detection: Level '/Game/TopDownBP/Maps/TopDownExampleMap.TopDownExampleMap:PersistentLevel' has LevelScriptBlueprint '/Game/TopDownBP/Maps/TopDownExampleMap.TopDownExampleMap:PersistentLevel.TopDownExampleMap' with GeneratedClass '/Game/TopDownBP/Maps/TopDownExampleMap.TopDownExampleMap_C' with ClassGeneratedBy '/Game/TopDownBP/Maps/TopDownExampleMap.TopDownExampleMap:PersistentLevel.TopDownExampleMap'
[2017.09.29-10.24.51:545][538]LogBlueprintUserMessages: Late EndPlayMap Detection: Level '/Game/TopDownBP/Maps/TopDownExampleMap.TopDownExampleMap:PersistentLevel' has LevelScriptBlueprint '/Game/TopDownBP/Maps/TopDownExampleMap.TopDownExampleMap:PersistentLevel.TopDownExampleMap' with GeneratedClass '/Game/TopDownBP/Maps/TopDownExampleMap.TopDownExampleMap_C' with ClassGeneratedBy '/Game/TopDownBP/Maps/TopDownExampleMap.TopDownExampleMap:PersistentLevel.TopDownExampleMap'
[2017.09.29-10.49.06:160][499]LogTemp: Repeting last play command: Selected Viewport
[2017.09.29-10.49.06:199][499]LogBlueprintUserMessages: Early PlayInEditor Detection: Level '/Game/TopDownBP/Maps/TopDownExampleMap.TopDownExampleMap:PersistentLevel' has LevelScriptBlueprint '/Game/TopDownBP/Maps/TopDownExampleMap.TopDownExampleMap:PersistentLevel.TopDownExampleMap' with GeneratedClass '/Game/TopDownBP/Maps/TopDownExampleMap.TopDownExampleMap_C' with ClassGeneratedBy '/Game/TopDownBP/Maps/TopDownExampleMap.TopDownExampleMap:PersistentLevel.TopDownExampleMap'
[2017.09.29-10.49.06:199][499]LogPlayLevel: PlayLevel: No blueprints needed recompiling
[2017.09.29-10.49.06:199][499]PIE: New page: PIE session: TopDownExampleMap (29 Sep 2017 12:49:06)
[2017.09.29-10.49.06:199][499]LogPlayLevel: Creating play world package: /Game/TopDownBP/Maps/UEDPIE_0_TopDownExampleMap
[2017.09.29-10.49.06:228][499]LogPlayLevel: PIE: StaticDuplicateObject took: (0.028960s)
[2017.09.29-10.49.06:229][499]LogAIModule: Creating AISystem for world TopDownExampleMap
[2017.09.29-10.49.06:229][499]LogPlayLevel: PIE: World Init took: (0.000858s)
[2017.09.29-10.49.06:229][499]LogPlayLevel: PIE: Created PIE world by copying editor world from /Game/TopDownBP/Maps/TopDownExampleMap.TopDownExampleMap to /Game/TopDownBP/Maps/UEDPIE_0_TopDownExampleMap.TopDownExampleMap (0.030079s)
[2017.09.29-10.49.06:250][499]LogInit: XAudio2 using 'Speakers (Realtek High Definition Audio)' : 2 channels at 48 kHz using 32 bits per sample (channel mask 0x3)
[2017.09.29-10.49.06:260][499]LogInit: FAudioDevice initialized.
[2017.09.29-10.49.06:291][499]LogLoad: Game class is 'TopDownGameMode_C'
[2017.09.29-10.49.06:297][499]LogWorld: Bringing World /Game/TopDownBP/Maps/UEDPIE_0_TopDownExampleMap.TopDownExampleMap up for play (max tick rate 0) at 2017.09.29-11.49.06
[2017.09.29-10.49.06:298][499]LogWorld: Bringing up level for play took: 0.004802
[2017.09.29-10.49.06:298][499]PIE: Info Play in editor start time for /Game/TopDownBP/Maps/UEDPIE_0_TopDownExampleMap -0.163
[2017.09.29-10.49.06:299][499]LogBlueprintUserMessages: Late PlayInEditor Detection: Level '/Game/TopDownBP/Maps/TopDownExampleMap.TopDownExampleMap:PersistentLevel' has LevelScriptBlueprint '/Game/TopDownBP/Maps/TopDownExampleMap.TopDownExampleMap:PersistentLevel.TopDownExampleMap' with GeneratedClass '/Game/TopDownBP/Maps/TopDownExampleMap.TopDownExampleMap_C' with ClassGeneratedBy '/Game/TopDownBP/Maps/TopDownExampleMap.TopDownExampleMap:PersistentLevel.TopDownExampleMap'
[2017.09.29-10.51.42:800][370]LogBlueprintUserMessages: Early EndPlayMap Detection: Level '/Game/TopDownBP/Maps/TopDownExampleMap.TopDownExampleMap:PersistentLevel' has LevelScriptBlueprint '/Game/TopDownBP/Maps/TopDownExampleMap.TopDownExampleMap:PersistentLevel.TopDownExampleMap' with GeneratedClass '/Game/TopDownBP/Maps/TopDownExampleMap.TopDownExampleMap_C' with ClassGeneratedBy '/Game/TopDownBP/Maps/TopDownExampleMap.TopDownExampleMap:PersistentLevel.TopDownExampleMap'
[2017.09.29-10.51.42:877][370]LogBlueprintUserMessages: Late EndPlayMap Detection: Level '/Game/TopDownBP/Maps/TopDownExampleMap.TopDownExampleMap:PersistentLevel' has LevelScriptBlueprint '/Game/TopDownBP/Maps/TopDownExampleMap.TopDownExampleMap:PersistentLevel.TopDownExampleMap' with GeneratedClass '/Game/TopDownBP/Maps/TopDownExampleMap.TopDownExampleMap_C' with ClassGeneratedBy '/Game/TopDownBP/Maps/TopDownExampleMap.TopDownExampleMap:PersistentLevel.TopDownExampleMap'
[2017.09.29-10.51.47:910][601]LogWindowsTextInputMethodSystem:Display: IME system now deactivated.
[2017.09.29-10.51.48:117][602]Cmd: QUIT_EDITOR
[2017.09.29-10.51.48:706][602]LogExit: Preparing to exit.
[2017.09.29-10.51.49:314][602]LogExit: Editor shut down
[2017.09.29-10.51.49:321][602]LogExit: Transaction tracking system shut down
[2017.09.29-10.51.49:396][602]LogObj: Freed 0b from 0 cluster array pools.
[2017.09.29-10.51.49:396][602]LogExit: Object subsystem successfully closed.
[2017.09.29-10.51.49:419][602]LogD3D11RHI: Shutdown
[2017.09.29-10.51.49:419][602]LogD3D11RHI: CleanupD3DDevice
[2017.09.29-10.51.49:517][602]LogD3D11RHI: ~FD3D11DynamicRHI
[2017.09.29-10.51.49:529][602]LogModuleManager: Shutting down and abandoning module BlueprintGraph (532)
[2017.09.29-10.51.49:529][602]LogModuleManager: Shutting down and abandoning module BlueprintProfiler (530)
[2017.09.29-10.51.49:529][602]LogModuleManager: Shutting down and abandoning module MaterialEditor (528)
[2017.09.29-10.51.49:529][602]LogModuleManager: Shutting down and abandoning module MovieSceneCapture (526)
[2017.09.29-10.51.49:529][602]LogModuleManager: Shutting down and abandoning module HierarchicalLODOutliner (524)
[2017.09.29-10.51.49:529][602]LogModuleManager: Shutting down and abandoning module CrashTracker (522)
[2017.09.29-10.51.49:529][602]LogModuleManager: Shutting down and abandoning module SceneOutliner (520)
[2017.09.29-10.51.49:529][602]LogModuleManager: Shutting down and abandoning module AddContentDialog (518)
[2017.09.29-10.51.49:529][602]LogDirectoryWatcher: A directory notification for 'C:/Program Files/Epic Games/UE_4.16/FeaturePacks/' was aborted.
[2017.09.29-10.51.49:530][602]LogModuleManager: Shutting down and abandoning module WidgetCarousel (517)
[2017.09.29-10.51.49:530][602]LogModuleManager: Shutting down and abandoning module EditorWidgets (514)
[2017.09.29-10.51.49:530][602]LogModuleManager: Shutting down and abandoning module CollectionManager (512)
[2017.09.29-10.51.49:530][602]LogDirectoryWatcher: A directory notification for 'E:/TopDownGame/Content/Collections/' was aborted.
[2017.09.29-10.51.49:530][602]LogDirectoryWatcher: A directory notification for 'E:/TopDownGame/Content/Developers/emmacox/Collections/' was aborted.
[2017.09.29-10.51.49:530][602]LogDirectoryWatcher: A directory notification for 'E:/TopDownGame/Saved/Collections/' was aborted.
[2017.09.29-10.51.49:530][602]LogModuleManager: Shutting down and abandoning module StatsViewer (510)
[2017.09.29-10.51.49:530][602]LogModuleManager: Shutting down and abandoning module FoliageEdit (508)
[2017.09.29-10.51.49:530][602]LogModuleManager: Shutting down and abandoning module LandscapeEditor (506)
[2017.09.29-10.51.49:530][602]LogModuleManager: Shutting down and abandoning module MeshPaintMode (504)
[2017.09.29-10.51.49:531][602]LogModuleManager: Shutting down and abandoning module SceneDepthPickerMode (502)
[2017.09.29-10.51.49:531][602]LogModuleManager: Shutting down and abandoning module ActorPickerMode (500)
[2017.09.29-10.51.49:531][602]LogModuleManager: Shutting down and abandoning module GeometryMode (498)
[2017.09.29-10.51.49:531][602]LogModuleManager: Shutting down and abandoning module TextureAlignMode (496)
[2017.09.29-10.51.49:531][602]LogModuleManager: Shutting down and abandoning module BspMode (494)
[2017.09.29-10.51.49:531][602]LogModuleManager: Shutting down and abandoning module HardwareSurvey (492)
[2017.09.29-10.51.49:531][602]LogModuleManager: Shutting down and abandoning module SequenceRecorderSections (490)
[2017.09.29-10.51.49:531][602]LogModuleManager: Shutting down and abandoning module AutomationWorker (488)
[2017.09.29-10.51.49:531][602]LogModuleManager: Shutting down and abandoning module MatineeToLevelSequence (486)
[2017.09.29-10.51.49:531][602]LogModuleManager: Shutting down and abandoning module LevelSequenceEditor (484)
[2017.09.29-10.51.49:531][602]LogModuleManager: Shutting down and abandoning module PlacementMode (483)
[2017.09.29-10.51.49:531][602]LogModuleManager: Shutting down and abandoning module WmfMediaFactory (480)
[2017.09.29-10.51.49:531][602]LogModuleManager: Shutting down and abandoning module WmfMediaEditor (478)
[2017.09.29-10.51.49:531][602]LogModuleManager: Shutting down and abandoning module AvfMediaFactory (476)
[2017.09.29-10.51.49:531][602]LogModuleManager: Shutting down and abandoning module AvfMediaEditor (474)
[2017.09.29-10.51.49:531][602]LogModuleManager: Shutting down and abandoning module AndroidMediaFactory (472)
[2017.09.29-10.51.49:531][602]LogModuleManager: Shutting down and abandoning module Media (471)
[2017.09.29-10.51.49:531][602]LogModuleManager: Shutting down and abandoning module AndroidMediaEditor (468)
[2017.09.29-10.51.49:531][602]LogModuleManager: Shutting down and abandoning module CharacterAI (466)
[2017.09.29-10.51.49:531][602]LogModuleManager: Shutting down and abandoning module AudioCapture (464)
[2017.09.29-10.51.49:531][602]LogModuleManager: Shutting down and abandoning module SequenceRecorder (463)
[2017.09.29-10.51.49:531][602]LogModuleManager: Shutting down and abandoning module SmartSnapping (460)
[2017.09.29-10.51.49:531][602]LogModuleManager: Shutting down and abandoning module SessionServices (458)
[2017.09.29-10.51.49:531][602]LogModuleManager: Shutting down and abandoning module ViewportSnapping (456)
[2017.09.29-10.51.49:531][602]LogModuleManager: Shutting down and abandoning module ViewportInteraction (454)
[2017.09.29-10.51.49:531][602]LogModuleManager: Shutting down and abandoning module ClothPainter (452)
[2017.09.29-10.51.49:531][602]LogModuleManager: Shutting down and abandoning module LogVisualizer (450)
[2017.09.29-10.51.49:531][602]LogModuleManager: Shutting down and abandoning module IntroTutorials (448)
[2017.09.29-10.51.49:531][602]LogModuleManager: Shutting down and abandoning module GameProjectGeneration (447)
[2017.09.29-10.51.49:531][602]LogModuleManager: Shutting down and abandoning module EditorLiveStreaming (444)
[2017.09.29-10.51.49:531][602]LogModuleManager: Shutting down and abandoning module IOSPlatformEditor (442)
[2017.09.29-10.51.49:531][602]LogModuleManager: Shutting down and abandoning module HTML5PlatformEditor (440)
[2017.09.29-10.51.49:531][602]LogModuleManager: Shutting down and abandoning module AndroidPlatformEditor (438)
[2017.09.29-10.51.49:531][602]LogModuleManager: Shutting down and abandoning module AndroidDeviceDetection (437)
[2017.09.29-10.51.50:254][602]LogModuleManager: Shutting down and abandoning module IOSRuntimeSettings (434)
[2017.09.29-10.51.50:254][602]LogModuleManager: Shutting down and abandoning module AndroidRuntimeSettings (432)
[2017.09.29-10.51.50:254][602]LogModuleManager: Shutting down and abandoning module InputBindingEditor (430)
[2017.09.29-10.51.50:254][602]LogModuleManager: Shutting down and abandoning module MergeActors (428)
[2017.09.29-10.51.50:254][602]LogModuleManager: Shutting down and abandoning module SizeMap (426)
[2017.09.29-10.51.50:254][602]LogModuleManager: Shutting down and abandoning module TreeMap (424)
[2017.09.29-10.51.50:254][602]LogModuleManager: Shutting down and abandoning module ReferenceViewer (422)
[2017.09.29-10.51.50:254][602]LogModuleManager: Shutting down and abandoning module LocalizationDashboard (420)
[2017.09.29-10.51.50:254][602]LogModuleManager: Shutting down and abandoning module LocalizationService (419)
[2017.09.29-10.51.50:254][602]LogModuleManager: Shutting down and abandoning module HardwareTargeting (416)
[2017.09.29-10.51.50:254][602]LogModuleManager: Shutting down and abandoning module DeviceProfileEditor (414)
[2017.09.29-10.51.50:254][602]LogModuleManager: Shutting down and abandoning module UndoHistory (412)
[2017.09.29-10.51.50:254][602]LogModuleManager: Shutting down and abandoning module UserFeedback (410)
[2017.09.29-10.51.50:254][602]LogModuleManager: Shutting down and abandoning module XmlParser (408)
[2017.09.29-10.51.50:254][602]LogModuleManager: Shutting down and abandoning module Blutility (406)
[2017.09.29-10.51.50:254][602]LogModuleManager: Shutting down and abandoning module ProjectSettingsViewer (404)
[2017.09.29-10.51.50:254][602]LogModuleManager: Shutting down and abandoning module ProjectTargetPlatformEditor (403)
[2017.09.29-10.51.50:254][602]LogModuleManager: Shutting down and abandoning module EditorSettingsViewer (400)
[2017.09.29-10.51.50:254][602]LogModuleManager: Shutting down and abandoning module SettingsEditor (398)
[2017.09.29-10.51.50:254][602]LogModuleManager: Shutting down and abandoning module ProjectLauncher (396)
[2017.09.29-10.51.50:254][602]LogModuleManager: Shutting down and abandoning module SessionFrontend (394)
[2017.09.29-10.51.50:254][602]LogModuleManager: Shutting down and abandoning module ProfilerClient (392)
[2017.09.29-10.51.50:254][602]LogModuleManager: Shutting down and abandoning module DeviceManager (390)
[2017.09.29-10.51.50:254][602]LogModuleManager: Shutting down and abandoning module TargetDeviceServices (389)
[2017.09.29-10.51.50:305][602]LogModuleManager: Shutting down and abandoning module AutomationController (386)
[2017.09.29-10.51.50:305][602]LogModuleManager: Shutting down and abandoning module AutomationWindow (384)
[2017.09.29-10.51.50:305][602]LogModuleManager: Shutting down and abandoning module Layers (382)
[2017.09.29-10.51.50:305][602]LogModuleManager: Shutting down and abandoning module ComponentVisualizers (380)
[2017.09.29-10.51.50:305][602]LogModuleManager: Shutting down and abandoning module DetailCustomizations (378)
[2017.09.29-10.51.50:305][602]LogModuleManager: Shutting down and abandoning module PackagesDialog (376)
[2017.09.29-10.51.50:305][602]LogModuleManager: Shutting down and abandoning module Persona (374)
[2017.09.29-10.51.50:305][602]LogModuleManager: Shutting down and abandoning module AdvancedPreviewScene (373)
[2017.09.29-10.51.50:305][602]LogModuleManager: Shutting down and abandoning module AnimGraph (371)
[2017.09.29-10.51.50:305][602]LogModuleManager: Shutting down and abandoning module Kismet (368)
[2017.09.29-10.51.50:311][602]LogModuleManager: Shutting down and abandoning module ClassViewer (366)
[2017.09.29-10.51.50:311][602]LogModuleManager: Shutting down and abandoning module Toolbox (364)
[2017.09.29-10.51.50:311][602]LogModuleManager: Shutting down and abandoning module ModuleUI (362)
[2017.09.29-10.51.50:311][602]LogModuleManager: Shutting down and abandoning module MovieSceneTools (360)
[2017.09.29-10.51.50:311][602]LogModuleManager: Shutting down and abandoning module OutputLog (358)
[2017.09.29-10.51.50:311][602]LogModuleManager: Shutting down and abandoning module GammaUI (356)
[2017.09.29-10.51.50:311][602]LogModuleManager: Shutting down and abandoning module Documentation (354)
[2017.09.29-10.51.50:311][602]LogModuleManager: Shutting down and abandoning module MovieSceneTracks (352)
[2017.09.29-10.51.50:311][602]LogModuleManager: Shutting down and abandoning module MovieScene (350)
[2017.09.29-10.51.50:311][602]LogModuleManager: Shutting down and abandoning module Niagara (348)
[2017.09.29-10.51.50:311][602]LogModuleManager: Shutting down and abandoning module NiagaraEditor (347)
[2017.09.29-10.51.50:311][602]LogModuleManager: Shutting down and abandoning module StreamingPauseRendering (344)
[2017.09.29-10.51.50:311][602]LogModuleManager: Shutting down and abandoning module AnalyticsET (342)
[2017.09.29-10.51.50:311][602]LogModuleManager: Shutting down and abandoning module PortalServices (340)
[2017.09.29-10.51.50:311][602]LogModuleManager: Shutting down and abandoning module PortalRpc (338)
[2017.09.29-10.51.50:311][602]LogModuleManager: Shutting down and abandoning module MessagingRpc (336)
[2017.09.29-10.51.50:311][602]LogModuleManager: Shutting down and abandoning module AIModule (334)
[2017.09.29-10.51.50:311][602]LogModuleManager: Shutting down and abandoning module GameplayDebugger (333)
[2017.09.29-10.51.50:311][602]LogModuleManager: Shutting down and abandoning module AITestSuite (331)
[2017.09.29-10.51.50:311][602]LogModuleManager: Shutting down and abandoning module ProfilerService (328)
[2017.09.29-10.51.50:524][602]LogModuleManager: Shutting down and abandoning module TaskGraph (326)
[2017.09.29-10.51.50:524][602]LogModuleManager: Shutting down and abandoning module SteamVRController (324)
[2017.09.29-10.51.50:524][602]LogModuleManager: Shutting down and abandoning module SteamVR (322)
[2017.09.29-10.51.50:524][602]LogModuleManager: Shutting down and abandoning module ProceduralMeshComponentEditor (320)
[2017.09.29-10.51.50:524][602]LogModuleManager: Shutting down and abandoning module ProceduralMeshComponent (318)
[2017.09.29-10.51.50:524][602]LogModuleManager: Shutting down and abandoning module OculusLibrary (316)
[2017.09.29-10.51.50:524][602]LogModuleManager: Shutting down and abandoning module OculusInput (314)
[2017.09.29-10.51.50:524][602]LogModuleManager: Shutting down and abandoning module MobilePatchingUtils (312)
[2017.09.29-10.51.50:524][602]LogModuleManager: Shutting down and abandoning module CustomMeshComponent (310)
[2017.09.29-10.51.50:524][602]LogModuleManager: Shutting down and abandoning module CableComponent (308)
[2017.09.29-10.51.50:524][602]LogModuleManager: Shutting down and abandoning module ArchVisCharacter (306)
[2017.09.29-10.51.50:524][602]LogModuleManager: Shutting down and abandoning module AndroidPermission (304)
[2017.09.29-10.51.50:524][602]LogModuleManager: Shutting down and abandoning module MediaPlayerEditor (300)
[2017.09.29-10.51.50:524][602]LogModuleManager: Shutting down and abandoning module HTML5Networking (298)
[2017.09.29-10.51.50:524][602]LogModuleManager: Shutting down and abandoning module AlembicImporter (296)
[2017.09.29-10.51.50:524][602]LogModuleManager: Shutting down and abandoning module AlembicLibrary (295)
[2017.09.29-10.51.50:524][602]LogModuleManager: Shutting down and abandoning module GeometryCache (294)
[2017.09.29-10.51.50:524][602]LogModuleManager: Shutting down and abandoning module GeometryCacheEd (293)
[2017.09.29-10.51.50:524][602]LogModuleManager: Shutting down and abandoning module SuperSearchEditor (288)
[2017.09.29-10.51.50:524][602]LogModuleManager: Shutting down and abandoning module SuperSearch (287)
[2017.09.29-10.51.50:524][602]LogModuleManager: Shutting down and abandoning module SpeedTreeImporter (284)
[2017.09.29-10.51.50:524][602]LogModuleManager: Shutting down and abandoning module PluginBrowser (282)
[2017.09.29-10.51.50:524][602]LogModuleManager: Shutting down and abandoning module MobileLauncherProfileWizard (280)
[2017.09.29-10.51.50:524][602]LogModuleManager: Shutting down and abandoning module VisualStudioSourceCodeAccess (278)
[2017.09.29-10.51.50:524][602]LogModuleManager: Shutting down and abandoning module DesktopPlatform (277)
[2017.09.29-10.51.50:524][602]LogModuleManager: Shutting down and abandoning module UObjectPlugin (274)
[2017.09.29-10.51.50:524][602]LogModuleManager: Shutting down and abandoning module SubversionSourceControl (272)
[2017.09.29-10.51.50:524][602]LogModuleManager: Shutting down and abandoning module PerforceSourceControl (270)
[2017.09.29-10.51.50:524][602]LogModuleManager: Shutting down and abandoning module GitSourceControl (268)
[2017.09.29-10.51.50:524][602]LogModuleManager: Shutting down and abandoning module SourceControl (267)
[2017.09.29-10.51.50:524][602]LogModuleManager: Shutting down and abandoning module LightPropagationVolumeEditor (264)
[2017.09.29-10.51.50:524][602]LogModuleManager: Shutting down and abandoning module PaperTiledImporter (262)
[2017.09.29-10.51.50:524][602]LogModuleManager: Shutting down and abandoning module PaperSpriteSheetImporter (260)
[2017.09.29-10.51.50:524][602]LogModuleManager: Shutting down and abandoning module Paper2DEditor (258)
[2017.09.29-10.51.50:524][602]LogModuleManager: Shutting down and abandoning module MeshPaint (257)
[2017.09.29-10.51.50:524][602]LogModuleManager: Shutting down and abandoning module LevelEditor (255)
[2017.09.29-10.51.50:525][602]LogModuleManager: Shutting down and abandoning module PixelInspectorModule (254)
[2017.09.29-10.51.50:525][602]LogModuleManager: Shutting down and abandoning module MainFrame (252)
[2017.09.29-10.51.50:525][602]LogModuleManager: Shutting down and abandoning module HotReload (251)
[2017.09.29-10.51.50:525][602]LogModuleManager: Shutting down and abandoning module PhysXVehiclesEditor (246)
[2017.09.29-10.51.50:525][602]LogModuleManager: Shutting down and abandoning module PhysXVehicles (244)
[2017.09.29-10.51.50:525][602]LogModuleManager: Shutting down and abandoning module LocationServicesBPLibrary (242)
[2017.09.29-10.51.50:525][602]LogModuleManager: Shutting down and abandoning module ImmediatePhysicsEditor (240)
[2017.09.29-10.51.50:525][602]LogModuleManager: Shutting down and abandoning module ImmediatePhysics (238)
[2017.09.29-10.51.50:525][602]LogModuleManager: Shutting down and abandoning module UdpMessaging (236)
[2017.09.29-10.51.50:626][602]LogModuleManager: Shutting down and abandoning module TcpMessaging (234)
[2017.09.29-10.51.50:726][602]LogModuleManager: Shutting down and abandoning module GameplayTagsEditor (232)
[2017.09.29-10.51.50:726][602]LogModuleManager: Shutting down and abandoning module FacialAnimationEditor (230)
[2017.09.29-10.51.50:726][602]LogModuleManager: Shutting down and abandoning module FacialAnimation (228)
[2017.09.29-10.51.50:726][602]LogModuleManager: Shutting down and abandoning module AssetManagerEditor (226)
[2017.09.29-10.51.50:726][602]LogModuleManager: Shutting down and abandoning module GraphEditor (225)
[2017.09.29-10.51.50:726][602]LogModuleManager: Shutting down and abandoning module ContentBrowser (223)
[2017.09.29-10.51.50:726][602]LogModuleManager: Shutting down and abandoning module LightPropagationVolumeRuntime (220)
[2017.09.29-10.51.50:726][602]LogModuleManager: Shutting down and abandoning module Paper2D (218)
[2017.09.29-10.51.50:726][602]LogModuleManager: Shutting down and abandoning module WindowsMoviePlayer (216)
[2017.09.29-10.51.50:726][602]LogModuleManager: Shutting down and abandoning module WmfMedia (214)
[2017.09.29-10.51.50:726][602]LogModuleManager: Shutting down and abandoning module ClothingSystemEditor (212)
[2017.09.29-10.51.50:726][602]LogModuleManager: Shutting down and abandoning module ClothingSystemRuntime (210)
[2017.09.29-10.51.50:726][602]LogModuleManager: Shutting down and abandoning module MediaAssets (208)
[2017.09.29-10.51.50:726][602]LogModuleManager: Shutting down and abandoning module GameLiveStreaming (206)
[2017.09.29-10.51.50:727][602]LogModuleManager: Shutting down and abandoning module VREditor (204)
[2017.09.29-10.51.50:727][602]LogModuleManager: Shutting down and abandoning module StringTableEditor (202)
[2017.09.29-10.51.50:727][602]LogModuleManager: Shutting down and abandoning module GameplayTasksEditor (200)
[2017.09.29-10.51.50:727][602]LogModuleManager: Shutting down and abandoning module BehaviorTreeEditor (198)
[2017.09.29-10.51.50:727][602]LogModuleManager: Shutting down and abandoning module FunctionalTesting (196)
[2017.09.29-10.51.50:727][602]LogModuleManager: Shutting down and abandoning module CollisionAnalyzer (194)
[2017.09.29-10.51.50:727][602]LogModuleManager: Shutting down and abandoning module UMG (192)
[2017.09.29-10.51.50:727][602]LogModuleManager: Shutting down and abandoning module UMGEditor (191)
[2017.09.29-10.51.50:727][602]LogModuleManager: Shutting down and abandoning module Sequencer (190)
[2017.09.29-10.51.50:727][602]LogModuleManager: Shutting down and abandoning module AssetTools (188)
[2017.09.29-10.51.50:727][602]LogModuleManager: Shutting down and abandoning module MessageLog (187)
[2017.09.29-10.51.50:727][602]LogModuleManager: Shutting down and abandoning module WorkspaceMenuStructure (186)
[2017.09.29-10.51.50:727][602]LogModuleManager: Shutting down and abandoning module SlateReflector (180)
[2017.09.29-10.51.50:727][602]LogModuleManager: Shutting down and abandoning module Slate (178)
[2017.09.29-10.51.50:727][602]LogModuleManager: Shutting down and abandoning module EditorStyle (176)
[2017.09.29-10.51.50:728][602]LogModuleManager: Shutting down and abandoning module SourceCodeAccess (174)
[2017.09.29-10.51.50:728][602]LogModuleManager: Shutting down and abandoning module HeadMountedDisplay (172)
[2017.09.29-10.51.50:728][602]LogModuleManager: Shutting down and abandoning module XAudio2 (170)
[2017.09.29-10.51.50:728][602]LogModuleManager: Shutting down and abandoning module Networking (168)
[2017.09.29-10.51.50:728][602]LogModuleManager: Shutting down and abandoning module Core (164)
[2017.09.29-10.51.50:728][602]LogModuleManager: Shutting down and abandoning module AssetRegistry (162)
[2017.09.29-10.51.51:148][602]LogDirectoryWatcher: A directory notification for '../../../Engine/Content/' was aborted.
[2017.09.29-10.51.51:148][602]LogDirectoryWatcher: A directory notification for 'E:/TopDownGame/Content/' was aborted.
[2017.09.29-10.51.51:148][602]LogDirectoryWatcher: A directory notification for '../../../Engine/Plugins/2D/Paper2D/Content/' was aborted.
[2017.09.29-10.51.51:148][602]LogDirectoryWatcher: A directory notification for '../../../Engine/Plugins/Runtime/GearVR/Content/' was aborted.
[2017.09.29-10.51.51:150][602]LogModuleManager: Shutting down and abandoning module DirectoryWatcher (161)
[2017.09.29-10.51.51:151][602]LogModuleManager: Shutting down and abandoning module KismetCompiler (158)
[2017.09.29-10.51.51:151][602]LogModuleManager: Shutting down and abandoning module LevelSequence (156)
[2017.09.29-10.51.51:151][602]LogModuleManager: Shutting down and abandoning module PhysXFormats (154)
[2017.09.29-10.51.51:151][602]LogModuleManager: Shutting down and abandoning module MeshUtilities (152)
[2017.09.29-10.51.51:151][602]LogModuleManager: Shutting down and abandoning module SimplygonSwarm (151)
[2017.09.29-10.51.51:151][602]LogModuleManager: Shutting down and abandoning module SimplygonMeshReduction (149)
[2017.09.29-10.51.51:151][602]LogModuleManager: Shutting down and abandoning module QuadricMeshReduction (147)
[2017.09.29-10.51.51:151][602]LogModuleManager: Shutting down and abandoning module DerivedDataCache (144)
[2017.09.29-10.51.51:177][602]LogDerivedDataCache: Shutdown
[2017.09.29-10.51.51:177][602]LogModuleManager: Shutting down and abandoning module TargetPlatform (142)
[2017.09.29-10.51.51:177][602]LogModuleManager: Shutting down and abandoning module VulkanShaderFormat (141)
[2017.09.29-10.51.51:177][602]LogModuleManager: Shutting down and abandoning module ShaderFormatVectorVM (139)
[2017.09.29-10.51.51:177][602]LogModuleManager: Shutting down and abandoning module ShaderFormatOpenGL (137)
[2017.09.29-10.51.51:177][602]LogModuleManager: Shutting down and abandoning module ShaderFormatD3D (135)
[2017.09.29-10.51.51:177][602]LogModuleManager: Shutting down and abandoning module MetalShaderFormat (133)
[2017.09.29-10.51.51:177][602]LogModuleManager: Shutting down and abandoning module TextureFormatUncompressed (131)
[2017.09.29-10.51.51:177][602]LogModuleManager: Shutting down and abandoning module TextureFormatPVR (129)
[2017.09.29-10.51.51:177][602]LogModuleManager: Shutting down and abandoning module TextureFormatDXT (127)
[2017.09.29-10.51.51:177][602]LogModuleManager: Shutting down and abandoning module TextureFormatIntelISPCTexComp (125)
[2017.09.29-10.51.51:177][602]LogModuleManager: Shutting down and abandoning module TextureFormatASTC (123)
[2017.09.29-10.51.51:177][602]LogModuleManager: Shutting down and abandoning module ImageWrapper (122)
[2017.09.29-10.51.51:177][602]LogModuleManager: Shutting down and abandoning module TextureFormatAndroid (119)
[2017.09.29-10.51.51:177][602]LogModuleManager: Shutting down and abandoning module AudioFormatOpus (117)
[2017.09.29-10.51.51:177][602]LogModuleManager: Shutting down and abandoning module AudioFormatOgg (115)
[2017.09.29-10.51.51:177][602]LogModuleManager: Shutting down and abandoning module AudioFormatADPCM (113)
[2017.09.29-10.51.51:177][602]LogModuleManager: Shutting down and abandoning module LinuxTargetPlatform (111)
[2017.09.29-10.51.51:177][602]LogModuleManager: Shutting down and abandoning module LinuxServerTargetPlatform (109)
[2017.09.29-10.51.51:177][602]LogModuleManager: Shutting down and abandoning module LinuxNoEditorTargetPlatform (107)
[2017.09.29-10.51.51:177][602]LogModuleManager: Shutting down and abandoning module LinuxClientTargetPlatform (105)
[2017.09.29-10.51.51:177][602]LogModuleManager: Shutting down and abandoning module TVOSTargetPlatform (103)
[2017.09.29-10.51.51:177][602]LogModuleManager: Shutting down and abandoning module Messaging (101)
[2017.09.29-10.51.51:177][602]LogModuleManager: Shutting down and abandoning module IOSTargetPlatform (99)
[2017.09.29-10.51.51:177][602]LogModuleManager: Shutting down and abandoning module HTML5TargetPlatform (97)
[2017.09.29-10.51.51:177][602]LogModuleManager: Shutting down and abandoning module Android_PVRTCTargetPlatform (95)
[2017.09.29-10.51.51:177][602]LogModuleManager: Shutting down and abandoning module Android_MultiTargetPlatform (93)
[2017.09.29-10.51.51:177][602]LogModuleManager: Shutting down and abandoning module Android_ETC2TargetPlatform (91)
[2017.09.29-10.51.51:177][602]LogModuleManager: Shutting down and abandoning module Android_ETC1TargetPlatform (89)
[2017.09.29-10.51.51:177][602]LogModuleManager: Shutting down and abandoning module Android_DXTTargetPlatform (87)
[2017.09.29-10.51.51:177][602]LogModuleManager: Shutting down and abandoning module Android_ATCTargetPlatform (85)
[2017.09.29-10.51.51:177][602]LogModuleManager: Shutting down and abandoning module Android_ASTCTargetPlatform (83)
[2017.09.29-10.51.51:177][602]LogModuleManager: Shutting down and abandoning module AndroidTargetPlatform (81)
[2017.09.29-10.51.51:177][602]LogModuleManager: Shutting down and abandoning module WindowsTargetPlatform (79)
[2017.09.29-10.51.51:177][602]LogModuleManager: Shutting down and abandoning module WindowsServerTargetPlatform (77)
[2017.09.29-10.51.51:177][602]LogModuleManager: Shutting down and abandoning module WindowsNoEditorTargetPlatform (75)
[2017.09.29-10.51.51:177][602]LogModuleManager: Shutting down and abandoning module WindowsClientTargetPlatform (73)
[2017.09.29-10.51.51:177][602]LogModuleManager: Shutting down and abandoning module MacTargetPlatform (71)
[2017.09.29-10.51.51:177][602]LogModuleManager: Shutting down and abandoning module MacServerTargetPlatform (69)
[2017.09.29-10.51.51:177][602]LogModuleManager: Shutting down and abandoning module MacNoEditorTargetPlatform (67)
[2017.09.29-10.51.51:177][602]LogModuleManager: Shutting down and abandoning module MacClientTargetPlatform (65)
[2017.09.29-10.51.51:177][602]LogModuleManager: Shutting down and abandoning module AllDesktopTargetPlatform (63)
[2017.09.29-10.51.51:177][602]LogModuleManager: Shutting down and abandoning module InputCore (60)
[2017.09.29-10.51.51:177][602]LogModuleManager: Shutting down and abandoning module Settings (58)
[2017.09.29-10.51.51:177][602]LogModuleManager: Shutting down and abandoning module OculusRift (56)
[2017.09.29-10.51.51:177][602]LogModuleManager: Shutting down and abandoning module GearVRController (54)
[2017.09.29-10.51.51:177][602]LogModuleManager: Shutting down and abandoning module GearVR (52)
[2017.09.29-10.51.51:177][602]LogModuleManager: Shutting down and abandoning module ExampleDeviceProfileSelector (50)
[2017.09.29-10.51.51:177][602]LogModuleManager: Shutting down and abandoning module OnlineBlueprintSupport (48)
[2017.09.29-10.51.51:177][602]LogModuleManager: Shutting down and abandoning module OnlineSubsystem (44)
[2017.09.29-10.51.51:177][602]LogOnline:Display: Unloading online subsystem: NULL
[2017.09.29-10.51.51:177][602]LogModuleManager: Shutting down and abandoning module XMPP (43)
[2017.09.29-10.51.51:178][602]LogModuleManager: Shutting down and abandoning module HTTP (41)
[2017.09.29-10.51.51:178][602]LogHttp:Display: Http module shutting down, but needs to wait on 1 outstanding Http requests:
[2017.09.29-10.51.51:178][602]LogHttp:Display: 	verb=[POST] url=[https://datarouter.ol.epicgames.com/datarouter/api/v1/public/data?SessionID=%7B8470F103-45C7-8756-F9A8-FC90ECAE239C%7D&AppID=UEEditor.Rocket.Release&AppVersion=4.16.3-3561208%2B%2B%2BUE4%2BRelease-4.16&UserID=f7adcfee480587e46a6f9faa7d3cf87a%7C%7C9bdd7e52-61d7-4d0f-acf5-4b37d7330af7&AppEnvironment=datacollector-binary&UploadType=eteventstream] status=Processing
[2017.09.29-10.51.51:194][602]LogModuleManager: Shutting down and abandoning module SSL (40)
[2017.09.29-10.51.51:195][602]LogModuleManager: Shutting down and abandoning module HTTPChunkInstaller (36)
[2017.09.29-10.51.51:195][602]LogModuleManager: Shutting down and abandoning module AnimationModifiers (34)
[2017.09.29-10.51.51:195][602]LogModuleManager: Shutting down and abandoning module PropertyEditor (33)
[2017.09.29-10.51.51:195][602]LogModuleManager: Shutting down and abandoning module AudioEditor (30)
[2017.09.29-10.51.51:195][602]LogModuleManager: Shutting down and abandoning module TextureCompressor (28)
[2017.09.29-10.51.51:195][602]LogModuleManager: Shutting down and abandoning module ShaderCore (26)
[2017.09.29-10.51.51:195][602]LogModuleManager: Shutting down and abandoning module Landscape (24)
[2017.09.29-10.51.51:195][602]LogModuleManager: Shutting down and abandoning module SlateRHIRenderer (22)
[2017.09.29-10.51.51:197][602]LogModuleManager: Shutting down and abandoning module OpenGLDrv (20)
[2017.09.29-10.51.51:197][602]LogModuleManager: Shutting down and abandoning module D3D11RHI (18)
[2017.09.29-10.51.51:197][602]LogModuleManager: Shutting down and abandoning module AnimGraphRuntime (16)
[2017.09.29-10.51.51:197][602]LogModuleManager: Shutting down and abandoning module Renderer (14)
[2017.09.29-10.51.51:197][602]LogModuleManager: Shutting down and abandoning module Engine (12)
[2017.09.29-10.51.51:197][602]LogModuleManager: Shutting down and abandoning module CoreUObject (10)
[2017.09.29-10.51.51:197][602]LogModuleManager: Shutting down and abandoning module NetworkFile (8)
[2017.09.29-10.51.51:197][602]LogModuleManager: Shutting down and abandoning module StreamingFile (6)
[2017.09.29-10.51.51:197][602]LogModuleManager: Shutting down and abandoning module SandboxFile (4)
[2017.09.29-10.51.51:197][602]LogModuleManager: Shutting down and abandoning module PakFile (2)
[2017.09.29-10.51.51:198][602]LogExit: Exiting.
[2017.09.29-10.51.51:230][602]Log file closed, 09/29/17 11:51:51
