Log file open, 10/01/17 16:24:55
LogInit:Display: Running engine for game: TopDownGame
LogPlatformFile: Not using cached read wrapper
LogInit:Display: RandInit(-434287751) SRandInit(-434287751).
LogTaskGraph: Started task graph with 5 named threads and 8 total threads with 1 sets of task threads.
LogStats: Stats thread started at 0.475992
LogInit: Using libcurl 7.47.1
LogInit:  - built for x86_64-pc-win32
LogInit:  - supports SSL with OpenSSL/1.0.2g
LogInit:  - supports HTTP deflate (compression) using libz 1.2.8
LogInit:  - other features:
LogInit:      CURL_VERSION_SSL
LogInit:      CURL_VERSION_LIBZ
LogInit:      CURL_VERSION_IPV6
LogInit:      CURL_VERSION_ASYNCHDNS
LogInit:      CURL_VERSION_LARGEFILE
LogInit:      CURL_VERSION_IDN
LogInit:  CurlRequestOptions (configurable via config and command line):
LogInit:  - bVerifyPeer = false  - Libcurl will NOT verify peer certificate
LogInit:  - bUseHttpProxy = false  - Libcurl will NOT use HTTP proxy
LogInit:  - bDontReuseConnections = false  - Libcurl will reuse connections
LogInit:  - CertBundlePath = nullptr  - Libcurl will use whatever was configured at build time.
LogInit: Build: ++UE4+Release-4.16-CL-3561208
LogInit: Engine Version: 4.16.3-3561208+++UE4+Release-4.16
LogInit: Compatible Engine Version: 4.16.0-3452394+++UE4+Release-4.16
LogInit: Net CL: 3452394
LogDevObjectVersion: Number of dev versions registered: 16
LogDevObjectVersion:   Dev-Blueprints (B0D832E4-1F89-4F0D-ACCF-7EB736FD4AA2): 9
LogDevObjectVersion:   Dev-Build (E1C64328-A22C-4D53-A36C-8E866417BD8C): 0
LogDevObjectVersion:   Dev-Core (375EC13C-06E4-48FB-B500-84F0262A717E): 2
LogDevObjectVersion:   Dev-Editor (E4B068ED-F494-42E9-A231-DA0B2E46BB41): 17
LogDevObjectVersion:   Dev-Framework (CFFC743F-43B0-4480-9391-14DF171D2073): 23
LogDevObjectVersion:   Dev-Mobile (B02B49B5-BB20-44E9-A304-32B752E40360): 0
LogDevObjectVersion:   Dev-Networking (A4E4105C-59A1-49B5-A7C5-40C4547EDFEE): 0
LogDevObjectVersion:   Dev-Online (39C831C9-5AE6-47DC-9A44-9C173E1C8E7C): 0
LogDevObjectVersion:   Dev-Physics (78F01B33-EBEA-4F98-B9B4-84EACCB95AA2): 0
LogDevObjectVersion:   Dev-Platform (6631380F-2D4D-43E0-8009-CF276956A95A): 0
LogDevObjectVersion:   Dev-Rendering (12F88B9F-8875-4AFC-A67C-D90C383ABD29): 15
LogDevObjectVersion:   Dev-Sequencer (7B5AE74C-D270-4C10-A958-57980B212A5A): 4
LogDevObjectVersion:   Dev-VR (D7296918-1DD6-4BDD-9DE2-64A83CC13884): 0
LogDevObjectVersion:   Dev-LoadTimes (C2A15278-BFE7-4AFE-6C17-90FF531DF755): 1
LogDevObjectVersion:   Private-Geometry (6EACA3D4-40EC-4CC1-B786-8BED09428FC5): 1
LogDevObjectVersion:   Dev-AnimPhys (29E575DD-E0A3-4627-9D10-D276232CDCEA): 3
LogInit: Compiled (64-bit): Jul 28 2017 11:49:47
LogInit: Compiled with Visual C++: 19.00.24215.01
LogInit: Build Configuration: Development
LogInit: Branch Name: ++UE4+Release-4.16
LogInit: Command line:  
LogInit: Base directory: D:/UE_4.16/Engine/Binaries/Win64/
LogInit: Installed Engine Build: 1
LogInit: Presizing for max 8388607 objects, including 0 objects not considered by GC, pre-allocating 0 bytes for permanent pool.
LogInit: Object subsystem initialized
[2017.10.01-15.24.56:615][  0]LogInit: Selected Device Profile: [Windows]
[2017.10.01-15.24.56:615][  0]LogInit: Applying CVar settings loaded from the selected device profile: [Windows]
[2017.10.01-15.24.56:686][  0]LogInit: Computer: EMMA
[2017.10.01-15.24.56:686][  0]LogInit: User: Dale
[2017.10.01-15.24.56:686][  0]LogInit: CPU Page size=4096, Cores=4
[2017.10.01-15.24.56:686][  0]LogInit: High frequency timer resolution =3.330087 MHz
[2017.10.01-15.24.56:686][  0]LogMemory: Memory total: Physical=16.0GB (16GB approx)
[2017.10.01-15.24.56:686][  0]LogMemory: Platform Memory Stats for Windows
[2017.10.01-15.24.56:686][  0]LogMemory: Process Physical Memory: 272.67 MB used, 272.67 MB peak
[2017.10.01-15.24.56:686][  0]LogMemory: Process Virtual Memory: 258.98 MB used, 258.98 MB peak
[2017.10.01-15.24.56:686][  0]LogMemory: Physical Memory: 5308.50 MB used,  11029.00 MB free, 16337.50 MB total
[2017.10.01-15.24.56:686][  0]LogMemory: Virtual Memory: 621.53 MB used,  11029.00 MB free, 134217728.00 MB total
[2017.10.01-15.24.57:401][  0]LogInit: Using OS detected language (en-GB).
[2017.10.01-15.24.57:401][  0]LogInit: Using OS detected locale (en-GB).
[2017.10.01-15.24.57:613][  0]LogTextLocalizationManager: No specific localization for 'en-GB' exists, so the 'en' localization will be used.
[2017.10.01-15.25.00:707][  0]LogD3D11RHI: D3D11 adapters:
[2017.10.01-15.25.01:244][  0]LogD3D11RHI:    0. 'NVIDIA GeForce GTX 750' (Feature Level 11_0)
[2017.10.01-15.25.01:244][  0]LogD3D11RHI:       994/0/8168 MB DedicatedVideo/DedicatedSystem/SharedSystem, Outputs:2, VendorId:0x10de
[2017.10.01-15.25.01:246][  0]LogD3D11RHI:    1. 'Microsoft Basic Render Driver' (Feature Level 11_0)
[2017.10.01-15.25.01:246][  0]LogD3D11RHI:       0/0/8168 MB DedicatedVideo/DedicatedSystem/SharedSystem, Outputs:0, VendorId:0x1414
[2017.10.01-15.25.01:246][  0]LogD3D11RHI: Chosen D3D11 Adapter: 0
[2017.10.01-15.25.01:252][  0]LogD3D11RHI: Creating new Direct3DDevice
[2017.10.01-15.25.01:252][  0]LogD3D11RHI:     GPU DeviceId: 0x1381 (for the marketing name, search the web for "GPU Device Id")
[2017.10.01-15.25.01:252][  0]LogWindows: EnumDisplayDevices:
[2017.10.01-15.25.01:252][  0]LogWindows:    0. 'NVIDIA GeForce GTX 750' (P:1 D:1)
[2017.10.01-15.25.01:252][  0]LogWindows:    1. 'NVIDIA GeForce GTX 750' (P:0 D:1)
[2017.10.01-15.25.01:252][  0]LogWindows:    2. 'NVIDIA GeForce GTX 750' (P:0 D:0)
[2017.10.01-15.25.01:253][  0]LogWindows:    3. 'NVIDIA GeForce GTX 750' (P:0 D:0)
[2017.10.01-15.25.01:253][  0]LogWindows: DebugString: FoundDriverCount:4 
[2017.10.01-15.25.01:253][  0]LogD3D11RHI:     Adapter Name: NVIDIA GeForce GTX 750
[2017.10.01-15.25.01:253][  0]LogD3D11RHI:   Driver Version: 378.66 (internal:21.21.13.7866, unified:378.66)
[2017.10.01-15.25.01:253][  0]LogD3D11RHI:      Driver Date: 2-9-2017
[2017.10.01-15.25.01:253][  0]LogRHI: Texture pool is 696 MB (70% of 994 MB)
[2017.10.01-15.25.01:755][  0]LogD3D11RHI: Async texture creation enabled
[2017.10.01-15.25.01:796][  0]LogD3D11RHI: GPU Timing Frequency: 1000.000000 (Debug: 2 1)
[2017.10.01-15.25.01:894][  0]LogShaderCompilers: Guid format shader working directory is 31 characters bigger than the processId version (E:/TopDownGame/Intermediate/Shaders/WorkingDirectory/2204/).
[2017.10.01-15.25.01:894][  0]LogShaderCompilers: Cleaned the shader compiler working directory 'C:/Users/Dale/AppData/Local/Temp/UnrealShaderWorkingDir/D700385D4E5A84E04558328C9792AB0F/'.
[2017.10.01-15.25.01:894][  0]LogShaderCompilers:Display: Using Local Shader Compiler.
[2017.10.01-15.25.05:092][  0]LogTemp:Display: Loaded TP AllDesktopTargetPlatform
[2017.10.01-15.25.05:160][  0]LogTemp:Display: Loaded TP MacClientTargetPlatform
[2017.10.01-15.25.05:220][  0]LogTemp:Display: Loaded TP MacNoEditorTargetPlatform
[2017.10.01-15.25.05:282][  0]LogTemp:Display: Loaded TP MacServerTargetPlatform
[2017.10.01-15.25.05:353][  0]LogTemp:Display: Loaded TP MacTargetPlatform
[2017.10.01-15.25.05:414][  0]LogTemp:Display: Loaded TP WindowsClientTargetPlatform
[2017.10.01-15.25.05:476][  0]LogTemp:Display: Loaded TP WindowsNoEditorTargetPlatform
[2017.10.01-15.25.05:537][  0]LogTemp:Display: Loaded TP WindowsServerTargetPlatform
[2017.10.01-15.25.05:592][  0]LogTemp:Display: Loaded TP WindowsTargetPlatform
[2017.10.01-15.25.05:677][  0]LogTemp:Display: Loaded TP AndroidTargetPlatform
[2017.10.01-15.25.05:738][  0]LogTemp:Display: Loaded TP Android_ASTCTargetPlatform
[2017.10.01-15.25.05:797][  0]LogTemp:Display: Loaded TP Android_ATCTargetPlatform
[2017.10.01-15.25.05:859][  0]LogTemp:Display: Loaded TP Android_DXTTargetPlatform
[2017.10.01-15.25.05:920][  0]LogTemp:Display: Loaded TP Android_ETC1TargetPlatform
[2017.10.01-15.25.05:979][  0]LogTemp:Display: Loaded TP Android_ETC2TargetPlatform
[2017.10.01-15.25.06:097][  0]LogTemp:Display: Loaded TP Android_MultiTargetPlatform
[2017.10.01-15.25.06:097][  0]LogTemp:Display: Loaded TP Android_PVRTCTargetPlatform
[2017.10.01-15.25.06:145][  0]LogTemp:Display: Loaded TP HTML5TargetPlatform
[2017.10.01-15.25.06:344][  0]LogTemp:Display: Loaded TP IOSTargetPlatform
[2017.10.01-15.25.06:381][  0]LogTemp:Display: Loaded TP TVOSTargetPlatform
[2017.10.01-15.25.06:443][  0]LogTemp:Display: Loaded TP LinuxClientTargetPlatform
[2017.10.01-15.25.06:503][  0]LogTemp:Display: Loaded TP LinuxNoEditorTargetPlatform
[2017.10.01-15.25.06:563][  0]LogTemp:Display: Loaded TP LinuxServerTargetPlatform
[2017.10.01-15.25.06:644][  0]LogTemp:Display: Loaded TP LinuxTargetPlatform
[2017.10.01-15.25.06:644][  0]LogTargetPlatformManager:Display: Building Assets For Windows
[2017.10.01-15.25.08:020][  0]LogDerivedDataCache:Display: Max Cache Size: 512 MB
[2017.10.01-15.25.08:477][  0]LogDerivedDataCache: Loaded boot cache 0.46s 90MB C:/Users/Dale/AppData/Local/UnrealEngine/4.16/DerivedDataCache/Boot.ddc.
[2017.10.01-15.25.08:477][  0]LogDerivedDataCache:Display: Loaded Boot cache: C:/Users/Dale/AppData/Local/UnrealEngine/4.16/DerivedDataCache/Boot.ddc
[2017.10.01-15.25.08:478][  0]LogDerivedDataCache: FDerivedDataBackendGraph:  Pak pak cache file E:/TopDownGame/DerivedDataCache/DDC.ddp not found, will not use a pak cache.
[2017.10.01-15.25.08:478][  0]LogDerivedDataCache: Unable to find inner node Pak for hierarchical cache Hierarchy.
[2017.10.01-15.25.08:478][  0]LogDerivedDataCache: FDerivedDataBackendGraph:  CompressedPak pak cache file E:/TopDownGame/DerivedDataCache/Compressed.ddp not found, will not use a pak cache.
[2017.10.01-15.25.08:478][  0]LogDerivedDataCache: Unable to find inner node CompressedPak for hierarchical cache Hierarchy.
[2017.10.01-15.25.08:553][  0]LogDerivedDataCache:Display: Pak cache opened for reading ../../../Engine/DerivedDataCache/Compressed.ddp.
[2017.10.01-15.25.08:567][  0]LogDerivedDataCache: Using Local data cache path C:/Users/Dale/AppData/Local/UnrealEngine/Common/DerivedDataCache: Writable
[2017.10.01-15.25.08:578][  0]LogMaterial: Verifying Global Shaders for PCD3D_SM5
[2017.10.01-15.25.08:578][  0]LogSlate: Using Freetype 2.6.0
[2017.10.01-15.25.08:628][  0]LogSlate: SlateFontCache - WITH_FREETYPE: 1, WITH_HARFBUZZ: 1
[2017.10.01-15.25.08:628][  0]LogSlate: SlateFontCache - WITH_FREETYPE: 1, WITH_HARFBUZZ: 1
[2017.10.01-15.25.12:130][  0]LogInit: Selected Device Profile: [Windows]
[2017.10.01-15.25.12:562][  0]LogContentStreaming: Texture pool size is 0.00 MB
[2017.10.01-15.25.13:153][  0]LogMeshUtilities: Using QuadricMeshReduction for automatic static mesh reduction
[2017.10.01-15.25.13:331][  0]LogSimplygon: Simplygon DLL not present - disabling.
[2017.10.01-15.25.13:440][  0]LogMeshUtilities: Using SimplygonSwarm for distributed automatic mesh merging
[2017.10.01-15.25.13:440][  0]LogMeshUtilities: No automatic skeletal mesh reduction module available
[2017.10.01-15.25.13:440][  0]LogMeshUtilities: No automatic mesh merging module available
[2017.10.01-15.25.16:150][  0]LogNetVersion: TopDownGame , NetCL: 3452394, EngineNetVer: 2, GameNetVer: 0 (Checksum: 4257674358)
[2017.10.01-15.25.16:365][  0]LogAssetRegistry: FAssetRegistry took 0.0322 seconds to start up
[2017.10.01-15.25.16:649][  0]LogPackageLocalizationCache: Processed 4 localized package path(s) for 2 prioritized culture(s) in 0.253094 seconds
[2017.10.01-15.25.16:655][  0]LogUObjectArray: 34194 objects as part of root set at end of initial load.
[2017.10.01-15.25.16:655][  0]LogUObjectAllocator: 7260416 out of 0 bytes used by permanent object pool.
[2017.10.01-15.25.16:655][  0]LogUObjectArray: CloseDisregardForGC: 0/0 objects in disregard for GC pool
[2017.10.01-15.25.16:754][  0]LogInit: WinSock: version 1.1 (2.2), MaxSocks=32767, MaxUdp=65467
[2017.10.01-15.25.59:891][  0]LogTcpMessaging: Initializing TcpMessaging bridge
[2017.10.01-15.25.59:968][  0]LogUdpMessaging: Initializing bridge on interface 0.0.0.0:0 to multicast group 230.0.0.1:6666.
[2017.10.01-15.26.01:470][  0]LogMaterial: Uniform references updated for custom material expression Custom.
[2017.10.01-15.26.02:155][  0]SourceControl: Info Source control is disabled
[2017.10.01-15.26.02:279][  0]SourceControl: Info Source control is disabled
[2017.10.01-15.26.02:409][  0]SourceControl: Info Source control is disabled
[2017.10.01-15.26.02:535][  0]SourceControl: Info Source control is disabled
[2017.10.01-15.26.04:289][  0]LogAndroidPermission: UAndroidPermissionCallbackProxy::GetInstance
[2017.10.01-15.26.05:485][  0]LogEngine: Initializing Engine...
[2017.10.01-15.26.05:486][  0]LogHMD: Failed to initialize OpenVR with code 110
[2017.10.01-15.26.05:766][  0]LogStats: UGameplayTagsManager::ConstructGameplayTagTree: Construct from data asset -  0.000 s
[2017.10.01-15.26.05:766][  0]LogStats: UGameplayTagsManager::ConstructGameplayTagTree: GameplayTagTreeChangedEvent.Broadcast -  0.000 s
[2017.10.01-15.26.05:979][  0]LogAIModule: Creating AISystem for world Untitled
[2017.10.01-15.26.06:021][  0]LogInit: XAudio2 using 'Speakers (Yeti Stereo Microphone)' : 2 channels at 44.1 kHz using 16 bits per sample (channel mask 0x3)
[2017.10.01-15.26.06:042][  0]LogInit: FAudioDevice initialized.
[2017.10.01-15.26.06:100][  0]LogDerivedDataCache: Saved boot cache 0.06s 90MB C:/Users/Dale/AppData/Local/UnrealEngine/4.16/DerivedDataCache/Boot.ddc.
[2017.10.01-15.26.06:114][  0]LogInit: Texture streaming: Enabled
[2017.10.01-15.26.06:376][  0]LogEngineSessionManager: EngineSessionManager initialized
[2017.10.01-15.26.06:830][  0]LogWindowsTextInputMethodSystem:Display: IME system now deactivated.
[2017.10.01-15.26.07:678][  0]LogInit: Transaction tracking system initialized
[2017.10.01-15.26.10:221][  0]BlueprintLog: New page: Editor Load
[2017.10.01-15.26.13:172][  0]LocalizationService: Info Localization service is disabled
[2017.10.01-15.26.15:169][  0]LogConsoleResponse:Display: 
[2017.10.01-15.26.16:954][  0]LogCook:Display: Max memory allowance for cook 16384mb min free memory 0mb
[2017.10.01-15.26.16:954][  0]LogCook:Display: Mobile HDR setting 1
[2017.10.01-15.26.17:157][  0]LogFileCache: Scanning file cache for directory 'E:/TopDownGame/Content/' took 0.02s
[2017.10.01-15.26.21:069][  0]SourceControl: Info Source control is disabled
[2017.10.01-15.26.21:069][  0]Cmd: MAP LOAD FILE="E:/TopDownGame/Content/TopDownBP/Maps/TopDownExampleMap.umap" TEMPLATE=0 SHOWPROGRESS=1 FEATURELEVEL=3
[2017.10.01-15.26.21:070][  0]LightingResults: New page: Lighting Build
[2017.10.01-15.26.21:124][  0]MapCheck: New page: Map Check
[2017.10.01-15.26.21:124][  0]LightingResults: New page: Lighting Build
[2017.10.01-15.26.22:472][  0]LogMaterial: Missing cached shader map for material OakTreeLeaf_Mat, compiling. 
[2017.10.01-15.26.22:541][  0]LogTexture:Display: Building textures: T_Blossom (AutoDXT, 512X512)
[2017.10.01-15.26.22:800][  0]LogMaterial: Missing cached shader map for material lambert3, compiling. 
[2017.10.01-15.26.22:845][  0]LogStaticMesh: Building static mesh Treetesting...
[2017.10.01-15.26.23:630][  0]LogStaticMesh: Built static mesh [0.79s] /Game/TopDownBP/Treetesting.Treetesting
[2017.10.01-15.26.23:668][  0]LogStaticMesh: Building static mesh SM_Grass_pPlane3...
[2017.10.01-15.26.23:669][  0]LogStaticMesh: Built static mesh [0.00s] /Game/TopDownBP/SM_Grass_pPlane3.SM_Grass_pPlane3
[2017.10.01-15.26.23:716][  0]LogTexture:Display: Building textures: T_Grass_01 (AutoDXT, 1024X1024)
[2017.10.01-15.26.25:152][  0]LogMaterial: Missing cached shader map for material lambert2, compiling. 
[2017.10.01-15.26.25:222][  0]LogStaticMesh: Building static mesh SM_Grass_pPlane2...
[2017.10.01-15.26.25:223][  0]LogStaticMesh: Built static mesh [0.00s] /Game/TopDownBP/SM_Grass_pPlane2.SM_Grass_pPlane2
[2017.10.01-15.26.25:483][  0]LogMaterial: Missing cached shader map for material OakTreeLeaf_Mat, compiling. 
[2017.10.01-15.26.25:564][  0]LogAIModule: Creating AISystem for world TopDownExampleMap
[2017.10.01-15.26.25:695][  0]LogEditorServer: Finished looking for orphan Actors (0.000 secs)
[2017.10.01-15.26.25:727][  0]Cmd: MAP CHECKDEP NOCLEARLOG
[2017.10.01-15.26.25:878][  0]MapCheck: Info Map check complete: 0 Error(s), 0 Warning(s), took 151.278ms to complete.
[2017.10.01-15.26.25:879][  0]LogFileHelpers: Loading map 'TopDownExampleMap' took 4.809
[2017.10.01-15.26.26:253][  0]LogCollectionManager: Loaded 0 collections in 0.003228 seconds
[2017.10.01-15.26.26:340][  0]LogFileCache: Scanning file cache for directory 'E:/TopDownGame/Saved/Collections/' took 0.01s
[2017.10.01-15.26.26:340][  0]LogFileCache: Scanning file cache for directory 'E:/TopDownGame/Content/Developers/Dale/Collections/' took 0.01s
[2017.10.01-15.26.26:340][  0]LogFileCache: Scanning file cache for directory 'E:/TopDownGame/Content/Collections/' took 0.01s
[2017.10.01-15.26.26:340][  0]LogCollectionManager: Rebuilt the GUID cache for 0 collections in 0.000005 seconds
[2017.10.01-15.26.26:351][  0]LogContentBrowser: Native class hierarchy populated in 0.0104 seconds. Added 2329 classes and 491 folders.
[2017.10.01-15.26.26:423][  0]LogContentBrowser: Native class hierarchy updated for 'WidgetCarousel' in 0.0006 seconds. Added 0 classes and 0 folders.
[2017.10.01-15.26.27:707][  0]LogContentBrowser: Native class hierarchy updated for 'AddContentDialog' in 0.0007 seconds. Added 0 classes and 0 folders.
[2017.10.01-15.26.27:805][  0]LogContentBrowser: Native class hierarchy updated for 'SceneOutliner' in 0.0006 seconds. Added 1 classes and 2 folders.
[2017.10.01-15.26.27:883][  0]LogCrashTracker: Crashtracker disabled due to settings.
[2017.10.01-15.26.27:907][  0]LogSlate: Took 0.018650 seconds to synchronously load lazily loaded font '../../../Engine/Content/Slate/Fonts/Roboto-Regular.ttf' (155K)
[2017.10.01-15.26.27:915][  0]LogSlate: Took 0.005382 seconds to synchronously load lazily loaded font '../../../Engine/Content/Slate/Fonts/Roboto-Bold.ttf' (160K)
[2017.10.01-15.26.27:929][  0]LogSlate: Took 0.008545 seconds to synchronously load lazily loaded font '../../../Engine/Content/Editor/Slate/Fonts/FontAwesome.ttf' (139K)
[2017.10.01-15.26.28:156][  0]LogRenderer: Reallocating scene render targets to support 1208x576 NumSamples 1 (Frame:1).
[2017.10.01-15.26.28:542][  0]LogUObjectGlobals:Warning: Failed to find object 'Class None.'
[2017.10.01-15.26.28:668][  0]LogContentBrowser: Native class hierarchy updated for 'HierarchicalLODOutliner' in 0.0007 seconds. Added 1 classes and 2 folders.
[2017.10.01-15.26.28:669][  0]LogLoad: (Engine Initialization) Total time: 100.88 seconds
[2017.10.01-15.26.28:669][  0]LogLoad: (Engine Initialization) Total Blueprint compile time: 0.42 seconds
[2017.10.01-15.26.28:669][  0]LogExternalProfiler: Found external profiler: VSPerf
[2017.10.01-15.26.28:669][  0]LogExternalProfiler: Using external profiler: VSPerf
[2017.10.01-15.26.28:680][  0]LogOcInput: OculusInput pre-init called
[2017.10.01-15.26.28:680][  0]LogHMD: Starting GearVRController plugin
[2017.10.01-15.26.28:701][  0]LogContentStreaming: Texture pool size now 1000 MB
[2017.10.01-15.26.28:783][  0]LogSlate: Took 0.014015 seconds to synchronously load lazily loaded font '../../../Engine/Content/Slate/Fonts/Roboto-Light.ttf' (159K)
[2017.10.01-15.26.28:809][  1]LogAssetRegistry: Asset discovery search completed in 72.4663 seconds
[2017.10.01-15.26.28:811][  1]LogCollectionManager: Rebuilt the object cache for 0 collections in 0.000001 seconds (found 0 objects)
[2017.10.01-15.26.28:811][  1]LogCollectionManager: Fixed up redirectors for 0 collections in 0.000049 seconds (updated 0 objects)
[2017.10.01-15.34.58:996][541]LogEditorViewport: Clicking on Actor (LMB): StaticMeshActor (Treetesting)
[2017.10.01-15.35.00:529][656]Cmd: DELETE
[2017.10.01-15.35.00:529][656]Cmd: ACTOR DELETE
[2017.10.01-15.35.00:555][656]LogEditorActor: Deleted Actor: StaticMeshActor
[2017.10.01-15.35.00:565][656]LogEditorActor: Deleted 1 Actors (0.035 secs)
[2017.10.01-15.35.01:559][759]LogEditorViewport: Clicking on Actor (LMB): InstancedFoliageActor (InstancedFoliageActor)
[2017.10.01-15.35.01:959][794]Cmd: DELETE
[2017.10.01-15.35.01:959][794]Cmd: ACTOR DELETE
[2017.10.01-15.35.01:960][794]LogEditorActor: Deleted Actor: InstancedFoliageActor
[2017.10.01-15.35.01:970][794]LogEditorActor: Deleted 1 Actors (0.010 secs)
[2017.10.01-15.35.04:482][ 74]LogEditorViewport: Clicking on Actor (LMB): StaticMeshActor (SM_Grass_pPlane6)
[2017.10.01-15.35.04:702][ 92]Cmd: DELETE
[2017.10.01-15.35.04:702][ 92]Cmd: ACTOR DELETE
[2017.10.01-15.35.04:703][ 92]LogEditorActor: Deleted Actor: StaticMeshActor
[2017.10.01-15.35.04:716][ 92]LogEditorActor: Deleted 1 Actors (0.014 secs)
[2017.10.01-15.35.05:562][188]LogEditorViewport: Clicking on Actor (LMB): Landscape (Landscape)
[2017.10.01-15.35.05:644][190]Cmd: DELETE
[2017.10.01-15.35.05:644][190]Cmd: ACTOR DELETE
[2017.10.01-15.35.05:645][190]LogEditorActor: Deleted Actor: Landscape
[2017.10.01-15.35.05:667][190]LogEditorActor: Deleted 1 Actors (0.023 secs)
[2017.10.01-15.35.07:124][363]Cmd: TRANSACTION UNDO
[2017.10.01-15.35.07:124][363]LogEditorTransaction: Undo Delete Actors
[2017.10.01-15.35.07:222][363]LogSlate: Took 0.000332 seconds to synchronously load lazily loaded font '../../../Engine/Content/Slate/Fonts/Roboto-Light.ttf' (159K)
[2017.10.01-15.35.07:708][401]LogEditorViewport: Clicking on Actor (LMB): StaticMeshActor (SM_Grass_pPlane5)
[2017.10.01-15.35.08:491][484]Cmd: DELETE
[2017.10.01-15.35.08:491][484]Cmd: ACTOR DELETE
[2017.10.01-15.35.08:492][484]LogEditorActor: Deleted Actor: StaticMeshActor
[2017.10.01-15.35.08:501][484]LogEditorActor: Deleted 1 Actors (0.009 secs)
[2017.10.01-15.35.09:125][557]LogEditorViewport: Clicking on Actor (LMB): StaticMeshActor (SM_Grass_pPlane4)
[2017.10.01-15.35.09:244][563]Cmd: DELETE
[2017.10.01-15.35.09:244][563]Cmd: ACTOR DELETE
[2017.10.01-15.35.09:245][563]LogEditorActor: Deleted Actor: StaticMeshActor
[2017.10.01-15.35.09:254][563]LogEditorActor: Deleted 1 Actors (0.010 secs)
[2017.10.01-15.35.19:869][352]LogSlate: Took 0.000263 seconds to synchronously load lazily loaded font '../../../Engine/Content/Slate/Fonts/Roboto-Light.ttf' (159K)
[2017.10.01-15.35.30:374][639]LogMaterial: Missing cached shader map for material lambert2, compiling. 
[2017.10.01-15.35.30:375][639]LogMaterial:Warning: Failed to compile Material /Game/TopDownBP/lambert2.lambert2 for platform PCD3D_SM5, Default Material will be used in game.
[2017.10.01-15.35.30:376][639]LogMaterial:Warning: 	(Node TextureSample) Texture Sample> Missing input texture
[2017.10.01-15.35.30:386][639]LogMaterial: Missing cached shader map for material lambert3, compiling. 
[2017.10.01-15.35.30:386][639]LogMaterial:Warning: Failed to compile Material /Game/TopDownBP/lambert3.lambert3 for platform PCD3D_SM5, Default Material will be used in game.
[2017.10.01-15.35.30:386][639]LogMaterial:Warning: 	(Node TextureSample) Texture Sample> Missing input texture
[2017.10.01-15.36.31:477][821]Cmd: OBJ SAVEPACKAGE PACKAGE="/Game/TopDownBP/Maps/TopDownExampleMap" FILE="E:/TopDownGame/Saved/Autosaves/Game/TopDownBP/Maps/TopDownExampleMap_Auto1.umap" SILENT=true AUTOSAVING=true KEEPDIRTY=false
[2017.10.01-15.36.32:795][821]LogSlate: Took 0.000411 seconds to synchronously load lazily loaded font '../../../Engine/Content/Slate/Fonts/Roboto-Regular.ttf' (155K)
[2017.10.01-15.36.45:277][821]LogSavePackage: Save=13563.09ms
[2017.10.01-15.36.45:277][821]LogSavePackage: Moving 'E:/TopDownGame/Saved/TopDownExampleMap_Auto158873FE0419DDFF2F8EB2184FBD9D3B3.tmp' to 'E:/TopDownGame/Saved/Autosaves/Game/TopDownBP/Maps/TopDownExampleMap_Auto1.umap'
[2017.10.01-15.36.45:297][821]LogSavePackage:Display: Finished SavePackage E:/TopDownGame/Saved/Autosaves/Game/TopDownBP/Maps/TopDownExampleMap_Auto1.umap
[2017.10.01-15.36.45:315][821]LogFileHelpers: Editor autosave (incl. sublevels) for '/Game/TopDownBP/Maps/TopDownExampleMap' took 13.856
[2017.10.01-15.36.45:316][821]LogFileHelpers: Editor autosave (incl. sublevels) for all levels took 13.856
[2017.10.01-15.36.57:884][490]LogUProjectInfo: Found projects:
[2017.10.01-15.37.40:804][350]LogGameProjectGeneration: Created new project with 4 files (plus project files)
[2017.10.01-15.37.40:821][351]Cmd: CLOSE_SLATE_MAINFRAME
[2017.10.01-15.37.43:826][351]Cmd: OBJ SAVEPACKAGE PACKAGE="/Game/TopDownBP/Maps/TopDownExampleMap" FILE="E:/TopDownGame/Content/TopDownBP/Maps/TopDownExampleMap.umap" SILENT=true AUTOSAVING=false KEEPDIRTY=false
[2017.10.01-15.37.56:341][351]LogSavePackage: Save=12421.30ms
[2017.10.01-15.37.56:341][351]LogSavePackage: Moving 'E:/TopDownGame/Saved/TopDownExampleMapEE9CD41F45455B5AA2EFD69E65C25EDE.tmp' to 'E:/TopDownGame/Content/TopDownBP/Maps/TopDownExampleMap.umap'
[2017.10.01-15.37.56:369][351]LogSavePackage:Display: Finished SavePackage E:/TopDownGame/Content/TopDownBP/Maps/TopDownExampleMap.umap
[2017.10.01-15.37.56:439][351]LogFileHelpers: Saving map 'TopDownExampleMap' took 12.709
[2017.10.01-15.37.56:794][352]Cmd: QUIT_EDITOR
[2017.10.01-15.37.56:827][352]LogWindowsTextInputMethodSystem:Display: IME system now deactivated.
[2017.10.01-15.37.56:846][352]LogExit: Preparing to exit.
[2017.10.01-15.37.57:610][352]LogExit: Editor shut down
[2017.10.01-15.37.57:612][352]LogExit: Transaction tracking system shut down
[2017.10.01-15.37.57:686][352]LogObj: Freed 0b from 0 cluster array pools.
[2017.10.01-15.37.57:686][352]LogExit: Object subsystem successfully closed.
[2017.10.01-15.37.57:706][352]LogD3D11RHI: Shutdown
[2017.10.01-15.37.57:706][352]LogD3D11RHI: CleanupD3DDevice
[2017.10.01-15.37.57:799][352]LogD3D11RHI: ~FD3D11DynamicRHI
[2017.10.01-15.37.57:808][352]LogModuleManager: Shutting down and abandoning module HierarchicalLODUtilities (526)
[2017.10.01-15.37.57:808][352]LogModuleManager: Shutting down and abandoning module HierarchicalLODOutliner (524)
[2017.10.01-15.37.57:808][352]LogModuleManager: Shutting down and abandoning module CrashTracker (522)
[2017.10.01-15.37.57:808][352]LogModuleManager: Shutting down and abandoning module SceneOutliner (520)
[2017.10.01-15.37.57:808][352]LogModuleManager: Shutting down and abandoning module AddContentDialog (518)
[2017.10.01-15.37.57:808][352]LogDirectoryWatcher: A directory notification for 'D:/UE_4.16/FeaturePacks/' was aborted.
[2017.10.01-15.37.57:809][352]LogModuleManager: Shutting down and abandoning module WidgetCarousel (517)
[2017.10.01-15.37.57:809][352]LogModuleManager: Shutting down and abandoning module EditorWidgets (514)
[2017.10.01-15.37.57:809][352]LogModuleManager: Shutting down and abandoning module CollectionManager (512)
[2017.10.01-15.37.57:809][352]LogDirectoryWatcher: A directory notification for 'E:/TopDownGame/Content/Collections/' was aborted.
[2017.10.01-15.37.57:810][352]LogDirectoryWatcher: A directory notification for 'E:/TopDownGame/Content/Developers/Dale/Collections/' was aborted.
[2017.10.01-15.37.57:810][352]LogDirectoryWatcher: A directory notification for 'E:/TopDownGame/Saved/Collections/' was aborted.
[2017.10.01-15.37.57:810][352]LogModuleManager: Shutting down and abandoning module StatsViewer (510)
[2017.10.01-15.37.57:810][352]LogModuleManager: Shutting down and abandoning module FoliageEdit (508)
[2017.10.01-15.37.57:810][352]LogModuleManager: Shutting down and abandoning module LandscapeEditor (506)
[2017.10.01-15.37.57:810][352]LogModuleManager: Shutting down and abandoning module MeshPaintMode (504)
[2017.10.01-15.37.57:810][352]LogModuleManager: Shutting down and abandoning module SceneDepthPickerMode (502)
[2017.10.01-15.37.57:810][352]LogModuleManager: Shutting down and abandoning module ActorPickerMode (500)
[2017.10.01-15.37.57:810][352]LogModuleManager: Shutting down and abandoning module GeometryMode (498)
[2017.10.01-15.37.57:810][352]LogModuleManager: Shutting down and abandoning module TextureAlignMode (496)
[2017.10.01-15.37.57:810][352]LogModuleManager: Shutting down and abandoning module BspMode (494)
[2017.10.01-15.37.57:810][352]LogModuleManager: Shutting down and abandoning module HardwareSurvey (492)
[2017.10.01-15.37.57:810][352]LogModuleManager: Shutting down and abandoning module SequenceRecorderSections (490)
[2017.10.01-15.37.57:810][352]LogModuleManager: Shutting down and abandoning module AutomationWorker (488)
[2017.10.01-15.37.57:810][352]LogModuleManager: Shutting down and abandoning module MatineeToLevelSequence (486)
[2017.10.01-15.37.57:810][352]LogModuleManager: Shutting down and abandoning module LevelSequenceEditor (484)
[2017.10.01-15.37.57:810][352]LogModuleManager: Shutting down and abandoning module PlacementMode (483)
[2017.10.01-15.37.57:810][352]LogModuleManager: Shutting down and abandoning module WmfMediaFactory (480)
[2017.10.01-15.37.57:810][352]LogModuleManager: Shutting down and abandoning module WmfMediaEditor (478)
[2017.10.01-15.37.57:811][352]LogModuleManager: Shutting down and abandoning module AvfMediaFactory (476)
[2017.10.01-15.37.57:811][352]LogModuleManager: Shutting down and abandoning module AvfMediaEditor (474)
[2017.10.01-15.37.57:811][352]LogModuleManager: Shutting down and abandoning module AndroidMediaFactory (472)
[2017.10.01-15.37.57:811][352]LogModuleManager: Shutting down and abandoning module Media (471)
[2017.10.01-15.37.57:811][352]LogModuleManager: Shutting down and abandoning module AndroidMediaEditor (468)
[2017.10.01-15.37.57:811][352]LogModuleManager: Shutting down and abandoning module CharacterAI (466)
[2017.10.01-15.37.57:811][352]LogModuleManager: Shutting down and abandoning module AudioCapture (464)
[2017.10.01-15.37.57:811][352]LogModuleManager: Shutting down and abandoning module SequenceRecorder (463)
[2017.10.01-15.37.57:811][352]LogModuleManager: Shutting down and abandoning module SmartSnapping (460)
[2017.10.01-15.37.57:811][352]LogModuleManager: Shutting down and abandoning module SessionServices (458)
[2017.10.01-15.37.57:811][352]LogModuleManager: Shutting down and abandoning module ViewportSnapping (456)
[2017.10.01-15.37.57:811][352]LogModuleManager: Shutting down and abandoning module ViewportInteraction (454)
[2017.10.01-15.37.57:811][352]LogModuleManager: Shutting down and abandoning module ClothPainter (452)
[2017.10.01-15.37.57:811][352]LogModuleManager: Shutting down and abandoning module LogVisualizer (450)
[2017.10.01-15.37.57:811][352]LogModuleManager: Shutting down and abandoning module IntroTutorials (448)
[2017.10.01-15.37.57:811][352]LogModuleManager: Shutting down and abandoning module GameProjectGeneration (447)
[2017.10.01-15.37.57:811][352]LogModuleManager: Shutting down and abandoning module EditorLiveStreaming (444)
[2017.10.01-15.37.57:811][352]LogModuleManager: Shutting down and abandoning module IOSPlatformEditor (442)
[2017.10.01-15.37.57:811][352]LogModuleManager: Shutting down and abandoning module HTML5PlatformEditor (440)
[2017.10.01-15.37.57:811][352]LogModuleManager: Shutting down and abandoning module AndroidPlatformEditor (438)
[2017.10.01-15.37.57:811][352]LogModuleManager: Shutting down and abandoning module AndroidDeviceDetection (437)
[2017.10.01-15.37.57:846][352]LogModuleManager: Shutting down and abandoning module IOSRuntimeSettings (434)
[2017.10.01-15.37.57:846][352]LogModuleManager: Shutting down and abandoning module AndroidRuntimeSettings (432)
[2017.10.01-15.37.57:846][352]LogModuleManager: Shutting down and abandoning module InputBindingEditor (430)
[2017.10.01-15.37.57:846][352]LogModuleManager: Shutting down and abandoning module MergeActors (428)
[2017.10.01-15.37.57:846][352]LogModuleManager: Shutting down and abandoning module SizeMap (426)
[2017.10.01-15.37.57:846][352]LogModuleManager: Shutting down and abandoning module TreeMap (424)
[2017.10.01-15.37.57:846][352]LogModuleManager: Shutting down and abandoning module ReferenceViewer (422)
[2017.10.01-15.37.57:846][352]LogModuleManager: Shutting down and abandoning module LocalizationDashboard (420)
[2017.10.01-15.37.57:846][352]LogModuleManager: Shutting down and abandoning module LocalizationService (419)
[2017.10.01-15.37.57:846][352]LogModuleManager: Shutting down and abandoning module HardwareTargeting (416)
[2017.10.01-15.37.57:846][352]LogModuleManager: Shutting down and abandoning module DeviceProfileEditor (414)
[2017.10.01-15.37.57:846][352]LogModuleManager: Shutting down and abandoning module UndoHistory (412)
[2017.10.01-15.37.57:846][352]LogModuleManager: Shutting down and abandoning module UserFeedback (410)
[2017.10.01-15.37.57:846][352]LogModuleManager: Shutting down and abandoning module XmlParser (408)
[2017.10.01-15.37.57:846][352]LogModuleManager: Shutting down and abandoning module Blutility (406)
[2017.10.01-15.37.57:846][352]LogModuleManager: Shutting down and abandoning module ProjectSettingsViewer (404)
[2017.10.01-15.37.57:846][352]LogModuleManager: Shutting down and abandoning module ProjectTargetPlatformEditor (403)
[2017.10.01-15.37.57:847][352]LogModuleManager: Shutting down and abandoning module EditorSettingsViewer (400)
[2017.10.01-15.37.57:847][352]LogModuleManager: Shutting down and abandoning module SettingsEditor (398)
[2017.10.01-15.37.57:847][352]LogModuleManager: Shutting down and abandoning module ProjectLauncher (396)
[2017.10.01-15.37.57:847][352]LogModuleManager: Shutting down and abandoning module SessionFrontend (394)
[2017.10.01-15.37.57:847][352]LogModuleManager: Shutting down and abandoning module ProfilerClient (392)
[2017.10.01-15.37.57:847][352]LogModuleManager: Shutting down and abandoning module DeviceManager (390)
[2017.10.01-15.37.57:847][352]LogModuleManager: Shutting down and abandoning module TargetDeviceServices (389)
[2017.10.01-15.37.57:910][352]LogModuleManager: Shutting down and abandoning module AutomationController (386)
[2017.10.01-15.37.57:910][352]LogModuleManager: Shutting down and abandoning module AutomationWindow (384)
[2017.10.01-15.37.57:910][352]LogModuleManager: Shutting down and abandoning module Layers (382)
[2017.10.01-15.37.57:910][352]LogModuleManager: Shutting down and abandoning module ComponentVisualizers (380)
[2017.10.01-15.37.57:910][352]LogModuleManager: Shutting down and abandoning module DetailCustomizations (378)
[2017.10.01-15.37.57:910][352]LogModuleManager: Shutting down and abandoning module PackagesDialog (376)
[2017.10.01-15.37.57:911][352]LogModuleManager: Shutting down and abandoning module Persona (374)
[2017.10.01-15.37.57:911][352]LogModuleManager: Shutting down and abandoning module AdvancedPreviewScene (373)
[2017.10.01-15.37.57:911][352]LogModuleManager: Shutting down and abandoning module AnimGraph (371)
[2017.10.01-15.37.57:911][352]LogModuleManager: Shutting down and abandoning module Kismet (368)
[2017.10.01-15.37.57:911][352]LogModuleManager: Shutting down and abandoning module ClassViewer (366)
[2017.10.01-15.37.57:912][352]LogModuleManager: Shutting down and abandoning module Toolbox (364)
[2017.10.01-15.37.57:912][352]LogModuleManager: Shutting down and abandoning module ModuleUI (362)
[2017.10.01-15.37.57:912][352]LogModuleManager: Shutting down and abandoning module MovieSceneTools (360)
[2017.10.01-15.37.57:912][352]LogModuleManager: Shutting down and abandoning module OutputLog (358)
[2017.10.01-15.37.57:912][352]LogModuleManager: Shutting down and abandoning module GammaUI (356)
[2017.10.01-15.37.57:912][352]LogModuleManager: Shutting down and abandoning module Documentation (354)
[2017.10.01-15.37.57:912][352]LogModuleManager: Shutting down and abandoning module MovieSceneTracks (352)
[2017.10.01-15.37.57:912][352]LogModuleManager: Shutting down and abandoning module MovieScene (350)
[2017.10.01-15.37.57:912][352]LogModuleManager: Shutting down and abandoning module Niagara (348)
[2017.10.01-15.37.57:912][352]LogModuleManager: Shutting down and abandoning module NiagaraEditor (347)
[2017.10.01-15.37.57:912][352]LogModuleManager: Shutting down and abandoning module StreamingPauseRendering (344)
[2017.10.01-15.37.57:912][352]LogModuleManager: Shutting down and abandoning module AnalyticsET (342)
[2017.10.01-15.37.57:912][352]LogModuleManager: Shutting down and abandoning module PortalServices (340)
[2017.10.01-15.37.57:912][352]LogModuleManager: Shutting down and abandoning module PortalRpc (338)
[2017.10.01-15.37.57:912][352]LogModuleManager: Shutting down and abandoning module MessagingRpc (336)
[2017.10.01-15.37.57:912][352]LogModuleManager: Shutting down and abandoning module AIModule (334)
[2017.10.01-15.37.57:912][352]LogModuleManager: Shutting down and abandoning module GameplayDebugger (333)
[2017.10.01-15.37.57:912][352]LogModuleManager: Shutting down and abandoning module AITestSuite (331)
[2017.10.01-15.37.57:912][352]LogModuleManager: Shutting down and abandoning module ProfilerService (328)
[2017.10.01-15.37.57:951][352]LogModuleManager: Shutting down and abandoning module TaskGraph (326)
[2017.10.01-15.37.57:951][352]LogModuleManager: Shutting down and abandoning module SteamVRController (324)
[2017.10.01-15.37.57:951][352]LogModuleManager: Shutting down and abandoning module SteamVR (322)
[2017.10.01-15.37.57:951][352]LogModuleManager: Shutting down and abandoning module ProceduralMeshComponentEditor (320)
[2017.10.01-15.37.57:951][352]LogModuleManager: Shutting down and abandoning module ProceduralMeshComponent (318)
[2017.10.01-15.37.57:951][352]LogModuleManager: Shutting down and abandoning module OculusLibrary (316)
[2017.10.01-15.37.57:951][352]LogModuleManager: Shutting down and abandoning module OculusInput (314)
[2017.10.01-15.37.57:951][352]LogModuleManager: Shutting down and abandoning module MobilePatchingUtils (312)
[2017.10.01-15.37.57:951][352]LogModuleManager: Shutting down and abandoning module CustomMeshComponent (310)
[2017.10.01-15.37.57:951][352]LogModuleManager: Shutting down and abandoning module CableComponent (308)
[2017.10.01-15.37.57:951][352]LogModuleManager: Shutting down and abandoning module ArchVisCharacter (306)
[2017.10.01-15.37.57:951][352]LogModuleManager: Shutting down and abandoning module AndroidPermission (304)
[2017.10.01-15.37.57:951][352]LogModuleManager: Shutting down and abandoning module MediaPlayerEditor (300)
[2017.10.01-15.37.57:951][352]LogModuleManager: Shutting down and abandoning module HTML5Networking (298)
[2017.10.01-15.37.57:951][352]LogModuleManager: Shutting down and abandoning module AlembicImporter (296)
[2017.10.01-15.37.57:951][352]LogModuleManager: Shutting down and abandoning module AlembicLibrary (295)
[2017.10.01-15.37.57:951][352]LogModuleManager: Shutting down and abandoning module GeometryCache (294)
[2017.10.01-15.37.57:951][352]LogModuleManager: Shutting down and abandoning module GeometryCacheEd (293)
[2017.10.01-15.37.57:952][352]LogModuleManager: Shutting down and abandoning module SuperSearchEditor (288)
[2017.10.01-15.37.57:952][352]LogModuleManager: Shutting down and abandoning module SuperSearch (287)
[2017.10.01-15.37.57:952][352]LogModuleManager: Shutting down and abandoning module SpeedTreeImporter (284)
[2017.10.01-15.37.57:952][352]LogModuleManager: Shutting down and abandoning module PluginBrowser (282)
[2017.10.01-15.37.57:952][352]LogModuleManager: Shutting down and abandoning module MobileLauncherProfileWizard (280)
[2017.10.01-15.37.57:952][352]LogModuleManager: Shutting down and abandoning module VisualStudioSourceCodeAccess (278)
[2017.10.01-15.37.57:952][352]LogModuleManager: Shutting down and abandoning module DesktopPlatform (277)
[2017.10.01-15.37.57:952][352]LogModuleManager: Shutting down and abandoning module UObjectPlugin (274)
[2017.10.01-15.37.57:952][352]LogModuleManager: Shutting down and abandoning module SubversionSourceControl (272)
[2017.10.01-15.37.57:952][352]LogModuleManager: Shutting down and abandoning module PerforceSourceControl (270)
[2017.10.01-15.37.57:952][352]LogModuleManager: Shutting down and abandoning module GitSourceControl (268)
[2017.10.01-15.37.57:952][352]LogModuleManager: Shutting down and abandoning module SourceControl (267)
[2017.10.01-15.37.57:952][352]LogModuleManager: Shutting down and abandoning module LightPropagationVolumeEditor (264)
[2017.10.01-15.37.57:952][352]LogModuleManager: Shutting down and abandoning module PaperTiledImporter (262)
[2017.10.01-15.37.57:952][352]LogModuleManager: Shutting down and abandoning module PaperSpriteSheetImporter (260)
[2017.10.01-15.37.57:952][352]LogModuleManager: Shutting down and abandoning module Paper2DEditor (258)
[2017.10.01-15.37.57:952][352]LogModuleManager: Shutting down and abandoning module MeshPaint (257)
[2017.10.01-15.37.57:952][352]LogModuleManager: Shutting down and abandoning module LevelEditor (255)
[2017.10.01-15.37.57:953][352]LogModuleManager: Shutting down and abandoning module PixelInspectorModule (254)
[2017.10.01-15.37.57:953][352]LogModuleManager: Shutting down and abandoning module MainFrame (252)
[2017.10.01-15.37.57:953][352]LogModuleManager: Shutting down and abandoning module HotReload (251)
[2017.10.01-15.37.57:953][352]LogModuleManager: Shutting down and abandoning module PhysXVehiclesEditor (246)
[2017.10.01-15.37.57:953][352]LogModuleManager: Shutting down and abandoning module PhysXVehicles (244)
[2017.10.01-15.37.57:953][352]LogModuleManager: Shutting down and abandoning module LocationServicesBPLibrary (242)
[2017.10.01-15.37.57:953][352]LogModuleManager: Shutting down and abandoning module ImmediatePhysicsEditor (240)
[2017.10.01-15.37.57:953][352]LogModuleManager: Shutting down and abandoning module ImmediatePhysics (238)
[2017.10.01-15.37.57:953][352]LogModuleManager: Shutting down and abandoning module UdpMessaging (236)
[2017.10.01-15.37.58:054][352]LogModuleManager: Shutting down and abandoning module TcpMessaging (234)
[2017.10.01-15.37.58:154][352]LogModuleManager: Shutting down and abandoning module GameplayTagsEditor (232)
[2017.10.01-15.37.58:154][352]LogModuleManager: Shutting down and abandoning module FacialAnimationEditor (230)
[2017.10.01-15.37.58:154][352]LogModuleManager: Shutting down and abandoning module FacialAnimation (228)
[2017.10.01-15.37.58:154][352]LogModuleManager: Shutting down and abandoning module AssetManagerEditor (226)
[2017.10.01-15.37.58:154][352]LogModuleManager: Shutting down and abandoning module GraphEditor (225)
[2017.10.01-15.37.58:154][352]LogModuleManager: Shutting down and abandoning module ContentBrowser (223)
[2017.10.01-15.37.58:155][352]LogModuleManager: Shutting down and abandoning module LightPropagationVolumeRuntime (220)
[2017.10.01-15.37.58:155][352]LogModuleManager: Shutting down and abandoning module Paper2D (218)
[2017.10.01-15.37.58:155][352]LogModuleManager: Shutting down and abandoning module WindowsMoviePlayer (216)
[2017.10.01-15.37.58:155][352]LogModuleManager: Shutting down and abandoning module WmfMedia (214)
[2017.10.01-15.37.58:156][352]LogModuleManager: Shutting down and abandoning module ClothingSystemEditor (212)
[2017.10.01-15.37.58:156][352]LogModuleManager: Shutting down and abandoning module ClothingSystemRuntime (210)
[2017.10.01-15.37.58:156][352]LogModuleManager: Shutting down and abandoning module MediaAssets (208)
[2017.10.01-15.37.58:156][352]LogModuleManager: Shutting down and abandoning module GameLiveStreaming (206)
[2017.10.01-15.37.58:156][352]LogModuleManager: Shutting down and abandoning module VREditor (204)
[2017.10.01-15.37.58:156][352]LogModuleManager: Shutting down and abandoning module StringTableEditor (202)
[2017.10.01-15.37.58:156][352]LogModuleManager: Shutting down and abandoning module GameplayTasksEditor (200)
[2017.10.01-15.37.58:156][352]LogModuleManager: Shutting down and abandoning module BehaviorTreeEditor (198)
[2017.10.01-15.37.58:156][352]LogModuleManager: Shutting down and abandoning module FunctionalTesting (196)
[2017.10.01-15.37.58:156][352]LogModuleManager: Shutting down and abandoning module CollisionAnalyzer (194)
[2017.10.01-15.37.58:156][352]LogModuleManager: Shutting down and abandoning module UMG (192)
[2017.10.01-15.37.58:156][352]LogModuleManager: Shutting down and abandoning module UMGEditor (191)
[2017.10.01-15.37.58:156][352]LogModuleManager: Shutting down and abandoning module Sequencer (190)
[2017.10.01-15.37.58:156][352]LogModuleManager: Shutting down and abandoning module AssetTools (188)
[2017.10.01-15.37.58:156][352]LogModuleManager: Shutting down and abandoning module MessageLog (187)
[2017.10.01-15.37.58:156][352]LogModuleManager: Shutting down and abandoning module WorkspaceMenuStructure (186)
[2017.10.01-15.37.58:156][352]LogModuleManager: Shutting down and abandoning module SlateReflector (180)
[2017.10.01-15.37.58:156][352]LogModuleManager: Shutting down and abandoning module Slate (178)
[2017.10.01-15.37.58:156][352]LogModuleManager: Shutting down and abandoning module EditorStyle (176)
[2017.10.01-15.37.58:158][352]LogModuleManager: Shutting down and abandoning module SourceCodeAccess (174)
[2017.10.01-15.37.58:158][352]LogModuleManager: Shutting down and abandoning module HeadMountedDisplay (172)
[2017.10.01-15.37.58:158][352]LogModuleManager: Shutting down and abandoning module XAudio2 (170)
[2017.10.01-15.37.58:158][352]LogModuleManager: Shutting down and abandoning module Networking (168)
[2017.10.01-15.37.58:158][352]LogModuleManager: Shutting down and abandoning module Core (164)
[2017.10.01-15.37.58:158][352]LogModuleManager: Shutting down and abandoning module AssetRegistry (162)
[2017.10.01-15.37.58:493][352]LogDirectoryWatcher: A directory notification for '../../../Engine/Content/' was aborted.
[2017.10.01-15.37.58:493][352]LogDirectoryWatcher: A directory notification for 'E:/TopDownGame/Content/' was aborted.
[2017.10.01-15.37.58:493][352]LogDirectoryWatcher: A directory notification for '../../../Engine/Plugins/2D/Paper2D/Content/' was aborted.
[2017.10.01-15.37.58:493][352]LogDirectoryWatcher: A directory notification for '../../../Engine/Plugins/Runtime/GearVR/Content/' was aborted.
[2017.10.01-15.37.58:495][352]LogModuleManager: Shutting down and abandoning module DirectoryWatcher (161)
[2017.10.01-15.37.58:496][352]LogModuleManager: Shutting down and abandoning module KismetCompiler (158)
[2017.10.01-15.37.58:496][352]LogModuleManager: Shutting down and abandoning module LevelSequence (156)
[2017.10.01-15.37.58:496][352]LogModuleManager: Shutting down and abandoning module PhysXFormats (154)
[2017.10.01-15.37.58:496][352]LogModuleManager: Shutting down and abandoning module MeshUtilities (152)
[2017.10.01-15.37.58:496][352]LogModuleManager: Shutting down and abandoning module SimplygonSwarm (151)
[2017.10.01-15.37.58:496][352]LogModuleManager: Shutting down and abandoning module SimplygonMeshReduction (149)
[2017.10.01-15.37.58:496][352]LogModuleManager: Shutting down and abandoning module QuadricMeshReduction (147)
[2017.10.01-15.37.58:496][352]LogModuleManager: Shutting down and abandoning module DerivedDataCache (144)
[2017.10.01-15.37.58:581][352]LogDerivedDataCache: Shutdown
[2017.10.01-15.37.58:581][352]LogModuleManager: Shutting down and abandoning module TargetPlatform (142)
[2017.10.01-15.37.58:581][352]LogModuleManager: Shutting down and abandoning module VulkanShaderFormat (141)
[2017.10.01-15.37.58:581][352]LogModuleManager: Shutting down and abandoning module ShaderFormatVectorVM (139)
[2017.10.01-15.37.58:581][352]LogModuleManager: Shutting down and abandoning module ShaderFormatOpenGL (137)
[2017.10.01-15.37.58:581][352]LogModuleManager: Shutting down and abandoning module ShaderFormatD3D (135)
[2017.10.01-15.37.58:581][352]LogModuleManager: Shutting down and abandoning module MetalShaderFormat (133)
[2017.10.01-15.37.58:581][352]LogModuleManager: Shutting down and abandoning module TextureFormatUncompressed (131)
[2017.10.01-15.37.58:581][352]LogModuleManager: Shutting down and abandoning module TextureFormatPVR (129)
[2017.10.01-15.37.58:581][352]LogModuleManager: Shutting down and abandoning module TextureFormatDXT (127)
[2017.10.01-15.37.58:581][352]LogModuleManager: Shutting down and abandoning module TextureFormatIntelISPCTexComp (125)
[2017.10.01-15.37.58:581][352]LogModuleManager: Shutting down and abandoning module TextureFormatASTC (123)
[2017.10.01-15.37.58:581][352]LogModuleManager: Shutting down and abandoning module ImageWrapper (122)
[2017.10.01-15.37.58:581][352]LogModuleManager: Shutting down and abandoning module TextureFormatAndroid (119)
[2017.10.01-15.37.58:581][352]LogModuleManager: Shutting down and abandoning module AudioFormatOpus (117)
[2017.10.01-15.37.58:581][352]LogModuleManager: Shutting down and abandoning module AudioFormatOgg (115)
[2017.10.01-15.37.58:581][352]LogModuleManager: Shutting down and abandoning module AudioFormatADPCM (113)
[2017.10.01-15.37.58:581][352]LogModuleManager: Shutting down and abandoning module LinuxTargetPlatform (111)
[2017.10.01-15.37.58:581][352]LogModuleManager: Shutting down and abandoning module LinuxServerTargetPlatform (109)
[2017.10.01-15.37.58:581][352]LogModuleManager: Shutting down and abandoning module LinuxNoEditorTargetPlatform (107)
[2017.10.01-15.37.58:581][352]LogModuleManager: Shutting down and abandoning module LinuxClientTargetPlatform (105)
[2017.10.01-15.37.58:581][352]LogModuleManager: Shutting down and abandoning module TVOSTargetPlatform (103)
[2017.10.01-15.37.58:581][352]LogModuleManager: Shutting down and abandoning module Messaging (101)
[2017.10.01-15.37.58:581][352]LogModuleManager: Shutting down and abandoning module IOSTargetPlatform (99)
[2017.10.01-15.37.58:581][352]LogModuleManager: Shutting down and abandoning module HTML5TargetPlatform (97)
[2017.10.01-15.37.58:581][352]LogModuleManager: Shutting down and abandoning module Android_PVRTCTargetPlatform (95)
[2017.10.01-15.37.58:581][352]LogModuleManager: Shutting down and abandoning module Android_MultiTargetPlatform (93)
[2017.10.01-15.37.58:581][352]LogModuleManager: Shutting down and abandoning module Android_ETC2TargetPlatform (91)
[2017.10.01-15.37.58:581][352]LogModuleManager: Shutting down and abandoning module Android_ETC1TargetPlatform (89)
[2017.10.01-15.37.58:581][352]LogModuleManager: Shutting down and abandoning module Android_DXTTargetPlatform (87)
[2017.10.01-15.37.58:581][352]LogModuleManager: Shutting down and abandoning module Android_ATCTargetPlatform (85)
[2017.10.01-15.37.58:581][352]LogModuleManager: Shutting down and abandoning module Android_ASTCTargetPlatform (83)
[2017.10.01-15.37.58:581][352]LogModuleManager: Shutting down and abandoning module AndroidTargetPlatform (81)
[2017.10.01-15.37.58:581][352]LogModuleManager: Shutting down and abandoning module WindowsTargetPlatform (79)
[2017.10.01-15.37.58:581][352]LogModuleManager: Shutting down and abandoning module WindowsServerTargetPlatform (77)
[2017.10.01-15.37.58:581][352]LogModuleManager: Shutting down and abandoning module WindowsNoEditorTargetPlatform (75)
[2017.10.01-15.37.58:581][352]LogModuleManager: Shutting down and abandoning module WindowsClientTargetPlatform (73)
[2017.10.01-15.37.58:581][352]LogModuleManager: Shutting down and abandoning module MacTargetPlatform (71)
[2017.10.01-15.37.58:581][352]LogModuleManager: Shutting down and abandoning module MacServerTargetPlatform (69)
[2017.10.01-15.37.58:581][352]LogModuleManager: Shutting down and abandoning module MacNoEditorTargetPlatform (67)
[2017.10.01-15.37.58:581][352]LogModuleManager: Shutting down and abandoning module MacClientTargetPlatform (65)
[2017.10.01-15.37.58:581][352]LogModuleManager: Shutting down and abandoning module AllDesktopTargetPlatform (63)
[2017.10.01-15.37.58:581][352]LogModuleManager: Shutting down and abandoning module InputCore (60)
[2017.10.01-15.37.58:581][352]LogModuleManager: Shutting down and abandoning module Settings (58)
[2017.10.01-15.37.58:581][352]LogModuleManager: Shutting down and abandoning module OculusRift (56)
[2017.10.01-15.37.58:581][352]LogModuleManager: Shutting down and abandoning module GearVRController (54)
[2017.10.01-15.37.58:581][352]LogModuleManager: Shutting down and abandoning module GearVR (52)
[2017.10.01-15.37.58:581][352]LogModuleManager: Shutting down and abandoning module ExampleDeviceProfileSelector (50)
[2017.10.01-15.37.58:581][352]LogModuleManager: Shutting down and abandoning module OnlineBlueprintSupport (48)
[2017.10.01-15.37.58:581][352]LogModuleManager: Shutting down and abandoning module OnlineSubsystem (44)
[2017.10.01-15.37.58:581][352]LogOnline:Display: Unloading online subsystem: NULL
[2017.10.01-15.37.58:581][352]LogModuleManager: Shutting down and abandoning module XMPP (43)
[2017.10.01-15.37.58:582][352]LogModuleManager: Shutting down and abandoning module HTTP (41)
[2017.10.01-15.37.58:582][352]LogHttp:Display: Http module shutting down, but needs to wait on 1 outstanding Http requests:
[2017.10.01-15.37.58:582][352]LogHttp:Display: 	verb=[POST] url=[https://datarouter.ol.epicgames.com/datarouter/api/v1/public/data?SessionID=%7B77F65944-410E-9F03-6B08-6B95C38A5867%7D&AppID=UEEditor.Rocket.Release&AppVersion=4.16.3-3561208%2B%2B%2BUE4%2BRelease-4.16&UserID=5d22565e471dca5c88569e9e88aab171%7C510c3beb679c4982a4981850267048f8%7Cc11d1b1e-0843-422a-b1d5-fd0b171f5875&AppEnvironment=datacollector-binary&UploadType=eteventstream] status=Processing
[2017.10.01-15.37.58:613][352]LogModuleManager: Shutting down and abandoning module SSL (40)
[2017.10.01-15.37.58:615][352]LogModuleManager: Shutting down and abandoning module HTTPChunkInstaller (36)
[2017.10.01-15.37.58:615][352]LogModuleManager: Shutting down and abandoning module AnimationModifiers (34)
[2017.10.01-15.37.58:615][352]LogModuleManager: Shutting down and abandoning module PropertyEditor (33)
[2017.10.01-15.37.58:615][352]LogModuleManager: Shutting down and abandoning module AudioEditor (30)
[2017.10.01-15.37.58:615][352]LogModuleManager: Shutting down and abandoning module TextureCompressor (28)
[2017.10.01-15.37.58:615][352]LogModuleManager: Shutting down and abandoning module ShaderCore (26)
[2017.10.01-15.37.58:615][352]LogModuleManager: Shutting down and abandoning module Landscape (24)
[2017.10.01-15.37.58:615][352]LogModuleManager: Shutting down and abandoning module SlateRHIRenderer (22)
[2017.10.01-15.37.58:615][352]LogModuleManager: Shutting down and abandoning module OpenGLDrv (20)
[2017.10.01-15.37.58:615][352]LogModuleManager: Shutting down and abandoning module D3D11RHI (18)
[2017.10.01-15.37.58:615][352]LogModuleManager: Shutting down and abandoning module AnimGraphRuntime (16)
[2017.10.01-15.37.58:616][352]LogModuleManager: Shutting down and abandoning module Renderer (14)
[2017.10.01-15.37.58:616][352]LogModuleManager: Shutting down and abandoning module Engine (12)
[2017.10.01-15.37.58:616][352]LogModuleManager: Shutting down and abandoning module CoreUObject (10)
[2017.10.01-15.37.58:616][352]LogModuleManager: Shutting down and abandoning module NetworkFile (8)
[2017.10.01-15.37.58:616][352]LogModuleManager: Shutting down and abandoning module StreamingFile (6)
[2017.10.01-15.37.58:616][352]LogModuleManager: Shutting down and abandoning module SandboxFile (4)
[2017.10.01-15.37.58:616][352]LogModuleManager: Shutting down and abandoning module PakFile (2)
[2017.10.01-15.37.58:617][352]LogExit: Exiting.
[2017.10.01-15.37.58:643][352]Log file closed, 10/01/17 16:37:58
